2025-09-28 19:57:48,352 [INFO] Activator:176 - 


2025-09-28 19:57:48,356 [INFO] Activator:177 - !SESSION log4j initialized
2025-09-28 19:57:56,300 [INFO] LogOutputStream:77 - [STDOUT_REDIRECT] 
2025-09-28 19:58:03,647 [INFO] ApplicationProperties:184 - Using Application install path: M:\embedded\IDE\STM32CubeIDE_1.19.0\STM32CubeIDE\plugins\com.st.stm32cube.common.mx_6.15.0.202507011659
2025-09-28 19:58:03,663 [INFO] DbMcusXml:78 - Set database path to: M:\embedded\IDE\STM32CubeIDE_1.19.0\STM32CubeIDE\plugins\com.st.stm32cube.common.mx_6.15.0.202507011659\\db\/mcu/
2025-09-28 19:58:03,663 [INFO] ApiDb:274 - Set plugin database path to: M:\embedded\IDE\STM32CubeIDE_1.19.0\STM32CubeIDE\plugins\com.st.stm32cube.common.mx_6.15.0.202507011659\\db\/plugins/boardmanager/
2025-09-28 19:58:03,663 [WARN] ApiDb:259 - Overriding images path with different value:  => M:\embedded\IDE\STM32CubeIDE_1.19.0\STM32CubeIDE\plugins\com.st.stm32cube.common.mx_6.15.0.202507011659\\db\/plugins/mcufinder/images/
2025-09-28 19:58:03,670 [INFO] ApiDb:250 - Set database path to: C:\Users\NeerW\.stmcufinder\plugins\mcufinder//mcu/
2025-09-28 19:58:03,672 [INFO] DbMcusAds:125 - Set database path to: C:\Users\NeerW\.stmcufinder\plugins\mcufinder//mcu/
2025-09-28 19:58:03,673 [INFO] CrossReferenceDbSqlite:203 - Set database path to: C:\Users\NeerW\.stmcufinder\plugins\mcufinder//mcu/cs/
2025-09-28 19:58:03,789 [INFO] RulesReader:64 - Compatibility file has been processed (317 Rules)
2025-09-28 19:58:03,878 [INFO] DbMcusXml:78 - Set database path to: M:\embedded\IDE\STM32CubeIDE_1.19.0\STM32CubeIDE\plugins\com.st.stm32cube.common.mx_6.15.0.202507011659\\db\/mcu/
2025-09-28 19:58:03,878 [INFO] ApiDb:274 - Set plugin database path to: M:\embedded\IDE\STM32CubeIDE_1.19.0\STM32CubeIDE\plugins\com.st.stm32cube.common.mx_6.15.0.202507011659\\db\/plugins/boardmanager/
2025-09-28 19:58:03,879 [INFO] ApiDb:261 - Set plugin images path to: M:\embedded\IDE\STM32CubeIDE_1.19.0\STM32CubeIDE\plugins\com.st.stm32cube.common.mx_6.15.0.202507011659\\db\/plugins/mcufinder/images/
2025-09-28 19:58:03,879 [WARN] DbFile:41 - Overriding database path with different value: C:\Users\NeerW\.stmcufinder\plugins\mcufinder/ => C:\Users\NeerW\.stmcufinder\plugins\mcufinder
2025-09-28 19:58:03,879 [INFO] ApiDb:250 - Set database path to: C:\Users\NeerW\.stmcufinder\plugins\mcufinder//mcu/
2025-09-28 19:58:03,879 [WARN] DbFile:41 - Overriding database path with different value: C:\Users\NeerW\.stmcufinder\plugins\mcufinder/ => C:\Users\NeerW\.stmcufinder\plugins\mcufinder
2025-09-28 19:58:03,879 [INFO] DbMcusAds:125 - Set database path to: C:\Users\NeerW\.stmcufinder\plugins\mcufinder//mcu/
2025-09-28 19:58:03,879 [WARN] DbFile:41 - Overriding database path with different value: C:\Users\NeerW\.stmcufinder\plugins\mcufinder/ => C:\Users\NeerW\.stmcufinder\plugins\mcufinder
2025-09-28 19:58:03,879 [WARN] DbFile:41 - Overriding database path with different value: C:\Users\NeerW\.stmcufinder\plugins\mcufinder/ => C:\Users\NeerW\.stmcufinder\plugins\mcufinder
2025-09-28 19:58:03,879 [INFO] CrossReferenceDbSqlite:203 - Set database path to: C:\Users\NeerW\.stmcufinder\plugins\mcufinder//mcu/cs/
2025-09-28 19:58:03,958 [INFO] MainPanel:274 - HeapMemory: 268435456
2025-09-28 19:58:04,075 [INFO] DbMcusXml:78 - Set database path to: M:\embedded\IDE\STM32CubeIDE_1.19.0\STM32CubeIDE\plugins\com.st.stm32cube.common.mx_6.15.0.202507011659\\db\/mcu/
2025-09-28 19:58:04,076 [INFO] ApiDb:274 - Set plugin database path to: M:\embedded\IDE\STM32CubeIDE_1.19.0\STM32CubeIDE\plugins\com.st.stm32cube.common.mx_6.15.0.202507011659\\db\/plugins/boardmanager/
2025-09-28 19:58:04,076 [INFO] ApiDb:261 - Set plugin images path to: M:\embedded\IDE\STM32CubeIDE_1.19.0\STM32CubeIDE\plugins\com.st.stm32cube.common.mx_6.15.0.202507011659\\db\/plugins/mcufinder/images/
2025-09-28 19:58:04,076 [WARN] DbFile:41 - Overriding database path with different value: C:\Users\NeerW\.stmcufinder\plugins\mcufinder/ => C:\Users\NeerW\.stmcufinder\plugins\mcufinder
2025-09-28 19:58:04,076 [INFO] ApiDb:250 - Set database path to: C:\Users\NeerW\.stmcufinder\plugins\mcufinder//mcu/
2025-09-28 19:58:04,076 [WARN] DbFile:41 - Overriding database path with different value: C:\Users\NeerW\.stmcufinder\plugins\mcufinder/ => C:\Users\NeerW\.stmcufinder\plugins\mcufinder
2025-09-28 19:58:04,076 [INFO] DbMcusAds:125 - Set database path to: C:\Users\NeerW\.stmcufinder\plugins\mcufinder//mcu/
2025-09-28 19:58:04,076 [WARN] DbFile:41 - Overriding database path with different value: C:\Users\NeerW\.stmcufinder\plugins\mcufinder/ => C:\Users\NeerW\.stmcufinder\plugins\mcufinder
2025-09-28 19:58:04,077 [WARN] DbFile:41 - Overriding database path with different value: C:\Users\NeerW\.stmcufinder\plugins\mcufinder/ => C:\Users\NeerW\.stmcufinder\plugins\mcufinder
2025-09-28 19:58:04,077 [INFO] CrossReferenceDbSqlite:203 - Set database path to: C:\Users\NeerW\.stmcufinder\plugins\mcufinder//mcu/cs/
2025-09-28 19:58:04,100 [INFO] ApplicationProperties:184 - Using Application install path: M:\embedded\IDE\STM32CubeIDE_1.19.0\STM32CubeIDE\plugins\com.st.stm32cube.common.mx_6.15.0.202507011659
2025-09-28 19:58:04,102 [INFO] PluginManage:196 - Search for loadable plugins [exclusion list=, ]
2025-09-28 19:58:04,103 [INFO] PluginManage:310 - Check plugin analytics
2025-09-28 19:58:09,211 [INFO] AnalyticsPlugin:253 - Accepted Software Licenses: 
2025-09-28 19:58:09,212 [INFO] AnalyticsPlugin:255 - Accepted CMSIS Pack Licenses: 
2025-09-28 19:58:09,212 [INFO] AnalyticsPlugin:257 - Accepted Firmware Licenses: 
2025-09-28 19:58:09,216 [INFO] PluginManage:359 - Loaded plugin analytics (category:tool,tabindex:-1)
2025-09-28 19:58:09,216 [INFO] PluginManage:310 - Check plugin cadmodel
2025-09-28 19:58:09,236 [INFO] CADModel:105 - Init CAD model plugin
2025-09-28 19:58:09,236 [INFO] PluginManage:359 - Loaded plugin cadmodel (category:power,tabindex:5)
2025-09-28 19:58:09,237 [INFO] PluginManage:310 - Check plugin clock
2025-09-28 19:58:09,258 [INFO] PluginManage:359 - Loaded plugin clock (category:base,tabindex:2)
2025-09-28 19:58:09,259 [INFO] PluginManage:310 - Check plugin ddr
2025-09-28 19:58:09,261 [INFO] PluginManage:359 - Loaded plugin ddr (category:tool,tabindex:6)
2025-09-28 19:58:09,261 [INFO] PluginManage:310 - Check plugin filemanager
2025-09-28 19:58:09,392 [INFO] PluginManage:359 - Loaded plugin filemanager (category:base,tabindex:10)
2025-09-28 19:58:09,392 [INFO] PluginManage:310 - Check plugin ipmanager
2025-09-28 19:58:09,399 [INFO] PluginManage:359 - Loaded plugin ipmanager (category:base,tabindex:5)
2025-09-28 19:58:09,400 [INFO] PluginManage:310 - Check plugin lpbam
2025-09-28 19:58:09,421 [INFO] PluginManage:359 - Loaded plugin lpbam (category:base,tabindex:0)
2025-09-28 19:58:09,421 [INFO] PluginManage:310 - Check plugin memorymap
2025-09-28 19:58:09,448 [INFO] PluginManage:359 - Loaded plugin memorymap (category:base,tabindex:4)
2025-09-28 19:58:09,448 [INFO] PluginManage:310 - Check plugin pinoutandconfiguration
2025-09-28 19:58:09,471 [INFO] PluginManage:359 - Loaded plugin pinoutandconfiguration (category:base,tabindex:1)
2025-09-28 19:58:09,471 [INFO] PluginManage:310 - Check plugin pinoutconfig
2025-09-28 19:58:09,567 [WARN] SupportedApi:132 - Cannot load RTOS API schema: s4s-elt-must-match.1: The content of 'definitions' must match (annotation?, (simpleType | complexType)?, (unique | key | keyref)*)). A problem was found starting at: attribute.
2025-09-28 19:58:09,685 [INFO] PluginManage:359 - Loaded plugin pinoutconfig (category:base,tabindex:0)
2025-09-28 19:58:09,685 [INFO] PluginManage:310 - Check plugin power
2025-09-28 19:58:09,708 [INFO] PluginManage:359 - Loaded plugin power (category:power,tabindex:4)
2025-09-28 19:58:09,708 [INFO] PluginManage:310 - Check plugin projectmanager
2025-09-28 19:58:09,723 [INFO] PluginManage:359 - Loaded plugin projectmanager (category:projectmanager,tabindex:4)
2025-09-28 19:58:09,723 [INFO] PluginManage:310 - Check plugin rif
2025-09-28 19:58:09,748 [INFO] PluginManage:359 - Loaded plugin rif (category:base,tabindex:3)
2025-09-28 19:58:09,748 [INFO] PluginManage:310 - Check plugin thirdparty
2025-09-28 19:58:10,049 [INFO] PluginManage:359 - Loaded plugin thirdparty (category:base,tabindex:-1)
2025-09-28 19:58:10,049 [WARN] IntegrityCheckThread:84 - waiting for thirdparty lock release [integrity check]
2025-09-28 19:58:10,049 [INFO] IntegrityCheckThread:86 - entering critical section [integrity check]
2025-09-28 19:58:10,049 [INFO] PluginManage:310 - Check plugin tools
2025-09-28 19:58:10,050 [INFO] ThirdPartyUpdaterWithRetryManager:70 - Updater plugin not ready yet. [1/15]
2025-09-28 19:58:10,095 [INFO] PluginManage:359 - Loaded plugin tools (category:base,tabindex:7)
2025-09-28 19:58:10,095 [INFO] PluginManage:310 - Check plugin tutovideos
2025-09-28 19:58:10,302 [INFO] PluginManage:359 - Loaded plugin tutovideos (category:base,tabindex:-1)
2025-09-28 19:58:10,302 [INFO] PluginManage:310 - Check plugin updater
2025-09-28 19:58:10,324 [INFO] PluginManage:359 - Loaded plugin updater (category:base,tabindex:12)
2025-09-28 19:58:10,324 [INFO] PluginManage:310 - Check plugin userauth
2025-09-28 19:58:10,328 [INFO] UserAuth:118 - Init User Auth plugin
2025-09-28 19:58:10,329 [INFO] PluginManage:359 - Loaded plugin userauth (category:base,tabindex:14)
2025-09-28 19:58:10,329 [INFO] PluginManage:283 - PluginManage : Loaded plugins [18]
2025-09-28 19:58:10,538 [INFO] PinOutPanel:1589 - setPackage(No Configuration,No Configuration)
2025-09-28 19:58:10,626 [INFO] CADModel:165 - CPN selected for project level
2025-09-28 19:58:10,626 [INFO] CADModel:114 - Register for checkConnection events
2025-09-28 19:58:10,659 [INFO] IPUIPlugin:80 - create IPUIPlugin
2025-09-28 19:58:10,660 [INFO] PluginManager:220 - loadIPPluginJar : add adc
2025-09-28 19:58:10,710 [INFO] IPUIPlugin:80 - create IPUIPlugin
2025-09-28 19:58:10,710 [INFO] PluginManager:220 - loadIPPluginJar : add aes
2025-09-28 19:58:10,768 [INFO] IPUIPlugin:80 - create IPUIPlugin
2025-09-28 19:58:10,768 [INFO] PluginManager:220 - loadIPPluginJar : add can
2025-09-28 19:58:10,804 [INFO] IPUIPlugin:80 - create IPUIPlugin
2025-09-28 19:58:10,805 [INFO] PluginManager:220 - loadIPPluginJar : add comp
2025-09-28 19:58:10,849 [INFO] IPUIPlugin:80 - create IPUIPlugin
2025-09-28 19:58:10,849 [INFO] PluginManager:220 - loadIPPluginJar : add cryp
2025-09-28 19:58:10,865 [INFO] IPUIPlugin:80 - create IPUIPlugin
2025-09-28 19:58:10,865 [INFO] PluginManager:220 - loadIPPluginJar : add ddr_ctrl_phy
2025-09-28 19:58:10,905 [INFO] IPUIPlugin:80 - create IPUIPlugin
2025-09-28 19:58:10,905 [INFO] PluginManager:220 - loadIPPluginJar : add dfsdm
2025-09-28 19:58:10,923 [INFO] IPUIPlugin:80 - create IPUIPlugin
2025-09-28 19:58:10,924 [INFO] PluginManager:220 - loadIPPluginJar : add dma
2025-09-28 19:58:10,976 [INFO] IPUIPlugin:80 - create IPUIPlugin
2025-09-28 19:58:10,976 [INFO] PluginManager:220 - loadIPPluginJar : add dma3
2025-09-28 19:58:11,034 [INFO] IPUIPlugin:80 - create IPUIPlugin
2025-09-28 19:58:11,034 [INFO] PluginManager:220 - loadIPPluginJar : add extmemmanager
2025-09-28 19:58:11,062 [INFO] IPUIPlugin:80 - create IPUIPlugin
2025-09-28 19:58:11,063 [INFO] PluginManager:220 - loadIPPluginJar : add fatfs
2025-09-28 19:58:11,120 [INFO] IPUIPlugin:80 - create IPUIPlugin
2025-09-28 19:58:11,120 [INFO] PluginManager:220 - loadIPPluginJar : add fmc
2025-09-28 19:58:11,140 [INFO] IPUIPlugin:80 - create IPUIPlugin
2025-09-28 19:58:11,140 [INFO] PluginManager:220 - loadIPPluginJar : add freertos
2025-09-28 19:58:11,168 [INFO] IPUIPlugin:80 - create IPUIPlugin
2025-09-28 19:58:11,169 [INFO] PluginManager:220 - loadIPPluginJar : add genericplugin
2025-09-28 19:58:11,294 [INFO] IPUIPlugin:80 - create IPUIPlugin
2025-09-28 19:58:11,294 [INFO] PluginManager:220 - loadIPPluginJar : add gfxmmu
2025-09-28 19:58:11,459 [INFO] IPUIPlugin:80 - create IPUIPlugin
2025-09-28 19:58:11,460 [INFO] PluginManager:220 - loadIPPluginJar : add gic
2025-09-28 19:58:11,475 [INFO] IPUIPlugin:80 - create IPUIPlugin
2025-09-28 19:58:11,475 [INFO] PluginManager:220 - loadIPPluginJar : add gpio
2025-09-28 19:58:11,591 [INFO] IPUIPlugin:80 - create IPUIPlugin
2025-09-28 19:58:11,591 [INFO] PluginManager:220 - loadIPPluginJar : add gtzc
2025-09-28 19:58:11,632 [INFO] IPUIPlugin:80 - create IPUIPlugin
2025-09-28 19:58:11,632 [INFO] PluginManager:220 - loadIPPluginJar : add hash
2025-09-28 19:58:11,699 [INFO] IPUIPlugin:80 - create IPUIPlugin
2025-09-28 19:58:11,699 [INFO] PluginManager:220 - loadIPPluginJar : add i2c
2025-09-28 19:58:11,748 [INFO] IPUIPlugin:80 - create IPUIPlugin
2025-09-28 19:58:11,748 [INFO] PluginManager:220 - loadIPPluginJar : add i2s
2025-09-28 19:58:11,801 [INFO] IPUIPlugin:80 - create IPUIPlugin
2025-09-28 19:58:11,801 [INFO] PluginManager:220 - loadIPPluginJar : add i3c
2025-09-28 19:58:11,923 [INFO] IPUIPlugin:80 - create IPUIPlugin
2025-09-28 19:58:11,923 [INFO] PluginManager:220 - loadIPPluginJar : add ipddr
2025-09-28 19:58:12,036 [INFO] IPUIPlugin:80 - create IPUIPlugin
2025-09-28 19:58:12,036 [INFO] PluginManager:220 - loadIPPluginJar : add linkedlist
2025-09-28 19:58:12,082 [INFO] IPUIPlugin:80 - create IPUIPlugin
2025-09-28 19:58:12,082 [INFO] PluginManager:220 - loadIPPluginJar : add lorawan
2025-09-28 19:58:12,130 [INFO] IPUIPlugin:80 - create IPUIPlugin
2025-09-28 19:58:12,131 [INFO] PluginManager:220 - loadIPPluginJar : add ltdc
2025-09-28 19:58:12,148 [INFO] IPUIPlugin:80 - create IPUIPlugin
2025-09-28 19:58:12,148 [INFO] PluginManager:220 - loadIPPluginJar : add mdma
2025-09-28 19:58:12,164 [INFO] IPUIPlugin:80 - create IPUIPlugin
2025-09-28 19:58:12,164 [INFO] PluginManager:220 - loadIPPluginJar : add nvic
2025-09-28 19:58:12,213 [INFO] IPUIPlugin:80 - create IPUIPlugin
2025-09-28 19:58:12,213 [INFO] PluginManager:220 - loadIPPluginJar : add opamp
2025-09-28 19:58:12,289 [INFO] IPUIPlugin:80 - create IPUIPlugin
2025-09-28 19:58:12,289 [INFO] PluginManager:220 - loadIPPluginJar : add openamp
2025-09-28 19:58:12,343 [INFO] IPUIPlugin:80 - create IPUIPlugin
2025-09-28 19:58:12,343 [INFO] PluginManager:220 - loadIPPluginJar : add pdm2pcm
2025-09-28 19:58:12,361 [INFO] IPUIPlugin:80 - create IPUIPlugin
2025-09-28 19:58:12,362 [INFO] PluginManager:220 - loadIPPluginJar : add plateformsettings
2025-09-28 19:58:12,393 [INFO] IPUIPlugin:80 - create IPUIPlugin
2025-09-28 19:58:12,393 [INFO] PluginManager:220 - loadIPPluginJar : add quadspi
2025-09-28 19:58:12,427 [INFO] IPUIPlugin:80 - create IPUIPlugin
2025-09-28 19:58:12,427 [INFO] PluginManager:220 - loadIPPluginJar : add radio
2025-09-28 19:58:12,444 [INFO] IPUIPlugin:80 - create IPUIPlugin
2025-09-28 19:58:12,444 [INFO] PluginManager:220 - loadIPPluginJar : add resmgrutility
2025-09-28 19:58:12,505 [INFO] IPUIPlugin:80 - create IPUIPlugin
2025-09-28 19:58:12,505 [INFO] PluginManager:220 - loadIPPluginJar : add sai
2025-09-28 19:58:12,553 [INFO] IPUIPlugin:80 - create IPUIPlugin
2025-09-28 19:58:12,553 [INFO] PluginManager:220 - loadIPPluginJar : add spi
2025-09-28 19:58:12,650 [INFO] IPUIPlugin:80 - create IPUIPlugin
2025-09-28 19:58:12,650 [INFO] PluginManager:220 - loadIPPluginJar : add stm32_wpan
2025-09-28 19:58:12,682 [INFO] IPUIPlugin:80 - create IPUIPlugin
2025-09-28 19:58:12,682 [INFO] PluginManager:220 - loadIPPluginJar : add tim
2025-09-28 19:58:12,759 [INFO] IPUIPlugin:80 - create IPUIPlugin
2025-09-28 19:58:12,759 [INFO] PluginManager:220 - loadIPPluginJar : add touchsensing
2025-09-28 19:58:12,789 [INFO] IPUIPlugin:80 - create IPUIPlugin
2025-09-28 19:58:12,789 [INFO] PluginManager:220 - loadIPPluginJar : add tracer_emb
2025-09-28 19:58:12,821 [INFO] IPUIPlugin:80 - create IPUIPlugin
2025-09-28 19:58:12,822 [INFO] PluginManager:220 - loadIPPluginJar : add ts
2025-09-28 19:58:12,853 [INFO] IPUIPlugin:80 - create IPUIPlugin
2025-09-28 19:58:12,853 [INFO] PluginManager:220 - loadIPPluginJar : add tsc
2025-09-28 19:58:12,883 [INFO] IPUIPlugin:80 - create IPUIPlugin
2025-09-28 19:58:12,883 [INFO] PluginManager:220 - loadIPPluginJar : add ucpd
2025-09-28 19:58:12,938 [INFO] IPUIPlugin:80 - create IPUIPlugin
2025-09-28 19:58:12,938 [INFO] PluginManager:220 - loadIPPluginJar : add usart
2025-09-28 19:58:12,996 [INFO] IPUIPlugin:80 - create IPUIPlugin
2025-09-28 19:58:12,996 [INFO] PluginManager:220 - loadIPPluginJar : add usbx
2025-09-28 19:58:13,051 [INFO] ThirdPartyUpdaterWithRetryManager:70 - Updater plugin not ready yet. [2/15]
2025-09-28 19:58:13,120 [FATAL] Updater:351 - Updater called before beeing initialized
2025-09-28 19:58:13,145 [INFO] RulesReader:64 - Compatibility file has been processed (317 Rules)
2025-09-28 19:58:13,158 [INFO] RulesReader:64 - Compatibility file has been processed (317 Rules)
2025-09-28 19:58:13,169 [INFO] CADModel:165 - CPN selected for project level
2025-09-28 19:58:13,169 [INFO] CADModel:114 - Register for checkConnection events
2025-09-28 19:58:13,170 [FATAL] Updater:351 - Updater called before beeing initialized
2025-09-28 19:58:13,170 [ERROR] CADModel:125 - Updater not yet initialized, retry later 
2025-09-28 19:58:13,345 [FATAL] Updater:351 - Updater called before beeing initialized
2025-09-28 19:58:13,347 [INFO] CADModel:165 - CPN selected for project level
2025-09-28 19:58:13,347 [INFO] CADModel:114 - Register for checkConnection events
2025-09-28 19:58:13,347 [FATAL] Updater:351 - Updater called before beeing initialized
2025-09-28 19:58:13,347 [ERROR] CADModel:125 - Updater not yet initialized, retry later 
2025-09-28 19:58:13,350 [FATAL] Updater:351 - Updater called before beeing initialized
2025-09-28 19:58:13,449 [FATAL] Updater:351 - Updater called before beeing initialized
2025-09-28 19:58:13,461 [INFO] DbMcusAds:53 - JSON generation date=Tue Jul 08 10:14:23 CEST 2025 (1751962463582)
2025-09-28 19:58:13,461 [FATAL] Updater:351 - Updater called before beeing initialized
2025-09-28 19:58:13,555 [WARN] DetailPanel:346 - Failed to get advertising image, set to default
2025-09-28 19:58:13,679 [FATAL] Updater:351 - Updater called before beeing initialized
2025-09-28 19:58:13,681 [FATAL] Updater:351 - Updater called before beeing initialized
2025-09-28 19:58:13,682 [FATAL] Updater:351 - Updater called before beeing initialized
2025-09-28 19:58:13,682 [WARN] DetailPanel:346 - Failed to get advertising image, set to default
2025-09-28 19:58:13,683 [FATAL] Updater:351 - Updater called before beeing initialized
2025-09-28 19:58:13,752 [ERROR] Updater:1198 - MainUpdater not yet initialized. External WinMGr cannot be set.
2025-09-28 19:58:13,764 [INFO] Updater:1134 - Updater Version found : 6.15.0
2025-09-28 19:58:13,778 [INFO] ApplicationProperties:184 - Using Application install path: M:\embedded\IDE\STM32CubeIDE_1.19.0\STM32CubeIDE\plugins\com.st.stm32cube.common.mx_6.15.0.202507011659
2025-09-28 19:58:15,363 [ERROR] LogOutputStream:75 - [STDERR_REDIRECT] Sep 28, 2025 7:58:15 PM java.util.prefs.WindowsPreferences <init>
2025-09-28 19:58:15,365 [ERROR] LogOutputStream:75 - [STDERR_REDIRECT] WARNING: Could not open/create prefs root node Software\JavaSoft\Prefs at root 0xffffffff80000002. Windows RegCreateKeyEx(...) returned error code 5.
2025-09-28 19:58:15,365 [ERROR] LogOutputStream:75 - [STDERR_REDIRECT] 
2025-09-28 19:58:15,756 [INFO] MainUpdater:2872 - connection check result : 10
2025-09-28 19:58:15,757 [INFO] MainUpdater:3604 - Updater definition file requires update
2025-09-28 19:58:15,757 [INFO] MainUpdater:289 - Updater Check For Update Now.
2025-09-28 19:58:15,758 [INFO] MicroXplorer:498 - Change Database Version : DB.6.0.150
2025-09-28 19:58:15,779 [INFO] McuFinderGlobals:63 - Set McuFinder mode to 2 (CubeIDE integrated)
2025-09-28 19:58:15,779 [INFO] UserAuth:171 - activating auth plugin
2025-09-28 19:58:15,782 [INFO] UserAuth:487 - Internet connection configuration mode: 1
2025-09-28 19:58:15,812 [INFO] JxBrowserEngine:152 - Initiate JxBrowser Engine with user profile folder
2025-09-28 19:58:15,839 [INFO] ServerAccessManage:452 - Complete download http(s) 200
2025-09-28 19:58:15,840 [INFO] ServerAccessManage:509 - Download File updaters.zip
2025-09-28 19:58:15,987 [INFO] FileExtend:248 - Unzip File : updaters.zip
2025-09-28 19:58:15,988 [INFO] FileExtend:263 - Standard Zip Deflate
2025-09-28 19:58:16,054 [WARN] MainUpdater:1193 - Updater busy. Cannot search thirdparties
2025-09-28 19:58:16,055 [INFO] ThirdPartyUpdaterWithRetryManager:96 - Updater plugin is busy. [1/15]
2025-09-28 19:58:16,724 [INFO] ServerAccessManage:452 - Complete download http(s) 200
2025-09-28 19:58:16,724 [INFO] ServerAccessManage:509 - Download File PacksControlFlags.xml
2025-09-28 19:58:16,827 [INFO] ServerAccessManage:452 - Complete download http(s) 200
2025-09-28 19:58:16,827 [INFO] ServerAccessManage:509 - Download File cubemx.pidx
2025-09-28 19:58:18,910 [INFO] WebApp:169 - Instantiating new browser for Auth
2025-09-28 19:58:19,055 [WARN] MainUpdater:1193 - Updater busy. Cannot search thirdparties
2025-09-28 19:58:19,055 [INFO] ThirdPartyUpdaterWithRetryManager:96 - Updater plugin is busy. [2/15]
2025-09-28 19:58:19,681 [INFO] LoadServerUpdatesThread:375 - End of LoadServerUpdate Thread
2025-09-28 19:58:19,865 [INFO] CheckServerUpdateThread:120 - End of CheckServer Thread
2025-09-28 19:58:19,952 [INFO] WebApp:463 - Apply proxy settings
2025-09-28 19:58:19,952 [INFO] WebApp:548 - Chromium requires no authentication
2025-09-28 19:58:19,961 [INFO] WebApp:491 - Direct internet connection detected
2025-09-28 19:58:19,980 [INFO] WebApp:900 - Register for checkConnection events
2025-09-28 19:58:19,980 [INFO] WebApp:463 - Apply proxy settings
2025-09-28 19:58:19,980 [INFO] WebApp:548 - Chromium requires no authentication
2025-09-28 19:58:19,981 [INFO] WebApp:491 - Direct internet connection detected
2025-09-28 19:58:20,132 [INFO] WebApp:225 - Starting web application
2025-09-28 19:58:20,132 [INFO] WebApp:593 - Web application path used M:\embedded\IDE\STM32CubeIDE_1.19.0\STM32CubeIDE\plugins\com.st.stm32cube.common.mx_6.15.0.202507011659\db\plugins\mcufinder\reactClient1\index.html
2025-09-28 19:58:20,513 [INFO] WebApp:191 - Connection restablished
2025-09-28 19:58:22,377 [WARN] PackLoader:240 - Cannot read IP mode file for STMicroelectronics.FP-SNS-MOTENVWB1.1.4.0
2025-09-28 19:58:22,385 [WARN] PackLoader:240 - Cannot read IP mode file for STMicroelectronics.FP-ATR-ASTRA1.2.0.2
2025-09-28 19:58:22,403 [WARN] PackLoader:240 - Cannot read IP mode file for STMicroelectronics.X-CUBE-SMBUS.2.1.0
2025-09-28 19:58:22,419 [WARN] PackLoader:240 - Cannot read IP mode file for STMicroelectronics.X-CUBE-ST60.1.0.0
2025-09-28 19:58:22,458 [WARN] PackLoader:240 - Cannot read IP mode file for STMicroelectronics.X-CUBE-AZRTOS-F7.1.1.0
2025-09-28 19:58:22,486 [WARN] PackLoader:240 - Cannot read IP mode file for WES.I-CUBE-Cesium.1.4.0
2025-09-28 19:58:22,519 [WARN] PackLoader:240 - Cannot read IP mode file for Infineon.AIROC-Wi-Fi-Bluetooth-STM32.1.7.1
2025-09-28 19:58:22,570 [WARN] PackLoader:240 - Cannot read IP mode file for STMicroelectronics.X-CUBE-AZRTOS-H7.3.4.0
2025-09-28 19:58:22,599 [WARN] PackLoader:240 - Cannot read IP mode file for STMicroelectronics.X-CUBE-DISPLAY.3.0.0
2025-09-28 19:58:22,627 [WARN] PackLoader:240 - Cannot read IP mode file for STMicroelectronics.X-CUBE-NFC10.1.0.0
2025-09-28 19:58:22,649 [WARN] PackLoader:240 - Cannot read IP mode file for emotas.I-CUBE-CANOPEN.1.3.0
2025-09-28 19:58:22,669 [WARN] PackLoader:240 - Cannot read IP mode file for STMicroelectronics.FP-SNS-STBOX1.2.1.0
2025-09-28 19:58:22,685 [WARN] PackLoader:240 - Cannot read IP mode file for STMicroelectronics.FP-SNS-SMARTAG2.1.2.0
2025-09-28 19:58:22,693 [WARN] PackLoader:240 - Cannot read IP mode file for STMicroelectronics.FP-SNS-FLIGHT1.5.1.0
2025-09-28 19:58:22,717 [INFO] LogOutputStream:77 - [STDOUT_REDIRECT] 1 : Invalid condition id : UX_CORESTACK_Condition cause : null
2025-09-28 19:58:22,718 [INFO] LogOutputStream:77 - [STDOUT_REDIRECT] 1 : Invalid condition id : UX_CORESTACK_Condition cause : null
2025-09-28 19:58:22,719 [INFO] LogOutputStream:77 - [STDOUT_REDIRECT] 1 : Invalid condition id : UX_CORESTACK_Condition cause : null
2025-09-28 19:58:22,720 [INFO] LogOutputStream:77 - [STDOUT_REDIRECT] 1 : Invalid condition id : UX_CORESTACK_Condition cause : null
2025-09-28 19:58:22,721 [INFO] LogOutputStream:77 - [STDOUT_REDIRECT] 1 : Invalid condition id : UX_CORESTACK_Condition cause : null
2025-09-28 19:58:22,724 [WARN] PackLoader:240 - Cannot read IP mode file for STMicroelectronics.X-CUBE-AZRTOS-WL.2.0.0
2025-09-28 19:58:22,744 [WARN] PackLoader:240 - Cannot read IP mode file for STMicroelectronics.FP-SNS-MOTENV1.5.0.0
2025-09-28 19:58:22,765 [WARN] PackLoader:240 - Cannot read IP mode file for STMicroelectronics.X-CUBE-BLE2.3.3.0
2025-09-28 19:58:22,786 [WARN] PackLoader:240 - Cannot read IP mode file for STMicroelectronics.X-CUBE-NFC9.1.0.0
2025-09-28 19:58:22,802 [WARN] PackLoader:240 - Cannot read IP mode file for wolfSSL.I-CUBE-wolfSSL.5.8.2
2025-09-28 19:58:22,819 [WARN] PackLoader:240 - Cannot read IP mode file for STMicroelectronics.X-CUBE-BLE1.7.1.0
2025-09-28 19:58:22,824 [WARN] PackLoader:240 - Cannot read IP mode file for wolfSSL.I-CUBE-wolfMQTT.1.19.2
2025-09-28 19:58:22,842 [WARN] PackLoader:240 - Cannot read IP mode file for STMicroelectronics.X-CUBE-EEPRMA1.5.2.0
2025-09-28 19:58:22,875 [WARN] PackLoader:240 - Cannot read IP mode file for STMicroelectronics.X-CUBE-AZRTOS-G0.1.1.0
2025-09-28 19:58:22,897 [WARN] PackLoader:240 - Cannot read IP mode file for STMicroelectronics.X-CUBE-SAFEA1.1.2.2
2025-09-28 19:58:22,914 [WARN] PackLoader:240 - Cannot read IP mode file for STMicroelectronics.X-CUBE-NFC4.3.0.0
2025-09-28 19:58:22,932 [WARN] PackLoader:240 - Cannot read IP mode file for EmbeddedOffice.I-CUBE-FS-RTOS.1.0.1
2025-09-28 19:58:22,948 [WARN] PackLoader:240 - Cannot read IP mode file for STMicroelectronics.X-CUBE-WB05N.2.0.0
2025-09-28 19:58:22,954 [WARN] PackLoader:240 - Cannot read IP mode file for wolfSSL.I-CUBE-wolfTPM.3.8.0
2025-09-28 19:58:22,971 [WARN] PackLoader:240 - Cannot read IP mode file for STMicroelectronics.X-CUBE-TCPP.4.2.0
2025-09-28 19:58:22,989 [WARN] PackLoader:240 - Cannot read IP mode file for RealThread.X-CUBE-RT-Thread_Nano.4.1.1
2025-09-28 19:58:22,995 [WARN] PackLoader:240 - Cannot read IP mode file for STMicroelectronics.FP-ATR-SIGFOX1.3.2.0
2025-09-28 19:58:23,012 [WARN] PackLoader:240 - Cannot read IP mode file for ITTIA_DB.I-CUBE-ITTIADB.8.9.0
2025-09-28 19:58:23,028 [WARN] PackLoader:240 - Cannot read IP mode file for STMicroelectronics.X-CUBE-ST67W61.1.0.0
2025-09-28 19:58:23,044 [WARN] PackLoader:240 - Cannot read IP mode file for STMicroelectronics.X-CUBE-AI.10.2.0
2025-09-28 19:58:23,074 [WARN] PackLoader:240 - Cannot read IP mode file for SEGGER.I-CUBE-embOS.1.3.1
2025-09-28 19:58:23,118 [WARN] PackLoader:240 - Cannot read IP mode file for STMicroelectronics.X-CUBE-ALGOBUILD.1.4.0
2025-09-28 19:58:23,176 [WARN] PackLoader:240 - Cannot read IP mode file for STMicroelectronics.X-CUBE-MEMS1.11.3.0
2025-09-28 19:58:23,299 [WARN] PackLoader:240 - Cannot read IP mode file for STMicroelectronics.X-CUBE-PM33A1.1.0.0
2025-09-28 19:58:23,342 [WARN] PackLoader:240 - Cannot read IP mode file for STMicroelectronics.X-CUBE-AZRTOS-F4.1.1.0
2025-09-28 19:58:23,360 [WARN] PackLoader:240 - Cannot read IP mode file for Avnet-IotConnect.X-CUBE-IoTC-DA16k-PMOD.1.0.0
2025-09-28 19:58:23,377 [WARN] PackLoader:240 - Cannot read IP mode file for STMicroelectronics.X-CUBE-ISPU.2.1.0
2025-09-28 19:58:23,396 [WARN] PackLoader:240 - Cannot read IP mode file for STMicroelectronics.X-CUBE-NFC12.1.0.0
2025-09-28 19:58:23,425 [WARN] PackLoader:240 - Cannot read IP mode file for STMicroelectronics.X-CUBE-AZRTOS-L5.2.0.0
2025-09-28 19:58:23,448 [WARN] PackLoader:240 - Cannot read IP mode file for STMicroelectronics.X-CUBE-NFC6.3.1.0
2025-09-28 19:58:23,469 [WARN] PackLoader:240 - Cannot read IP mode file for STMicroelectronics.X-CUBE-FREERTOS.1.3.1
2025-09-28 19:58:23,486 [WARN] PackLoader:240 - Cannot read IP mode file for STMicroelectronics.FP-SNS-STAIOTCFT.1.0.0
2025-09-28 19:58:23,504 [WARN] PackLoader:240 - Cannot read IP mode file for STMicroelectronics.X-CUBE-DPower.1.3.0
2025-09-28 19:58:23,539 [WARN] ConditionMgr:438 - getConditionDescription Invalid condition id : LAN8742 Phy interface Condition cause : null
2025-09-28 19:58:23,540 [WARN] PackLoader:240 - Cannot read IP mode file for STMicroelectronics.X-CUBE-AZRTOS-L4.2.0.0
2025-09-28 19:58:23,541 [WARN] ConditionMgr:1044 - genDependencies : Invalid condition id : LAN8742 Phy interface Condition cause : null
2025-09-28 19:58:23,541 [WARN] ConditionMgr:1044 - genDependencies : Invalid condition id : LAN8742 Phy interface Condition cause : null
2025-09-28 19:58:23,541 [WARN] ConditionMgr:1044 - genDependencies : Invalid condition id : LAN8742 Phy interface Condition cause : null
2025-09-28 19:58:23,560 [WARN] PackLoader:240 - Cannot read IP mode file for STMicroelectronics.X-CUBE-SFXS2LP1.4.0.0
2025-09-28 19:58:23,581 [WARN] PackLoader:240 - Cannot read IP mode file for STMicroelectronics.X-CUBE-BLEMGR.4.1.0
2025-09-28 19:58:23,617 [WARN] ConditionMgr:438 - getConditionDescription Invalid condition id : UX DEVICE CLASS RTOS Condition cause : null
2025-09-28 19:58:23,617 [WARN] ConditionMgr:438 - getConditionDescription Invalid condition id : UX DEVICE CLASS RTOS Condition cause : null
2025-09-28 19:58:23,619 [WARN] PackLoader:240 - Cannot read IP mode file for STMicroelectronics.X-CUBE-AZRTOS-WB.2.0.0
2025-09-28 19:58:23,619 [WARN] ConditionMgr:1044 - genDependencies : Invalid condition id : UX DEVICE CLASS RTOS Condition cause : null
2025-09-28 19:58:23,619 [WARN] ConditionMgr:1044 - genDependencies : Invalid condition id : UX DEVICE CLASS RTOS Condition cause : null
2025-09-28 19:58:23,620 [WARN] ConditionMgr:1044 - genDependencies : Invalid condition id : UX DEVICE CLASS RTOS Condition cause : null
2025-09-28 19:58:23,620 [WARN] ConditionMgr:1044 - genDependencies : Invalid condition id : UX DEVICE CLASS RTOS Condition cause : null
2025-09-28 19:58:23,620 [WARN] ConditionMgr:1044 - genDependencies : Invalid condition id : UX DEVICE CLASS RTOS Condition cause : null
2025-09-28 19:58:23,642 [WARN] PackLoader:240 - Cannot read IP mode file for STMicroelectronics.X-CUBE-GNSS1.7.0.1
2025-09-28 19:58:23,668 [WARN] PackLoader:240 - Cannot read IP mode file for STMicroelectronics.X-CUBE-TOUCHGFX.4.25.0
2025-09-28 19:58:23,673 [WARN] ConditionMgr:438 - getConditionDescription Invalid condition id : Cortex-A Device cause : null
2025-09-28 19:58:23,698 [WARN] ConditionMgr:1044 - genDependencies : Invalid condition id : Cortex-A Device cause : null
2025-09-28 19:58:23,698 [WARN] ConditionMgr:1044 - genDependencies : Invalid condition id : Cortex-A Device cause : null
2025-09-28 19:58:23,698 [WARN] ConditionMgr:1044 - genDependencies : Invalid condition id : Cortex-A Device cause : null
2025-09-28 19:58:23,717 [WARN] PackLoader:240 - Cannot read IP mode file for STMicroelectronics.X-CUBE-SUBG2.5.0.0
2025-09-28 19:58:23,748 [WARN] PackLoader:240 - Cannot read IP mode file for STMicroelectronics.X-CUBE-AZRTOS-H7RS.1.1.0
2025-09-28 19:58:23,755 [WARN] PackLoader:240 - Cannot read IP mode file for Cesanta.I-CUBE-Mongoose.7.13.0
2025-09-28 19:58:23,780 [WARN] PackLoader:240 - Cannot read IP mode file for STMicroelectronics.X-CUBE-AZRTOS-G4.2.0.0
2025-09-28 19:58:23,789 [WARN] PackLoader:240 - Cannot read IP mode file for wolfSSL.I-CUBE-wolfSSH.1.4.20
2025-09-28 19:58:23,804 [WARN] PackLoader:240 - Cannot read IP mode file for STMicroelectronics.X-CUBE-NFC7.2.0.0
2025-09-28 19:58:23,825 [WARN] PackLoader:240 - Cannot read IP mode file for STMicroelectronics.X-CUBE-IPS.3.1.0
2025-09-28 19:58:23,852 [WARN] PackLoader:240 - Cannot read IP mode file for STMicroelectronics.X-CUBE-ALS.1.0.2
2025-09-28 19:58:23,870 [WARN] PackLoader:240 - Cannot read IP mode file for STMicroelectronics.X-CUBE-STSE01.1.0.0
2025-09-28 19:58:23,892 [WARN] PackLoader:240 - Cannot read IP mode file for STMicroelectronics.X-CUBE-TOF1.3.4.3
2025-09-28 19:58:23,900 [INFO] ThirdParty:978 - Integrity check success = true
2025-09-28 19:58:23,900 [INFO] IntegrityCheckThread:100 - exiting critical section [integrity check]
2025-09-28 19:58:23,900 [INFO] IntegrityCheckThread:103 - End integrity checks thread
