2025-10-01 22:11:13,230 [INFO] Activator:176 - 


2025-10-01 22:11:13,234 [INFO] Activator:177 - !SESSION log4j initialized
2025-10-01 22:11:22,054 [INFO] LogOutputStream:77 - [STDOUT_REDIRECT] 
2025-10-01 22:11:30,621 [INFO] ApplicationProperties:184 - Using Application install path: M:\embedded\IDE\STM32CubeIDE_1.19.0\STM32CubeIDE\plugins\com.st.stm32cube.common.mx_6.15.0.202507011659
2025-10-01 22:11:30,640 [INFO] DbMcusXml:78 - Set database path to: M:\embedded\IDE\STM32CubeIDE_1.19.0\STM32CubeIDE\plugins\com.st.stm32cube.common.mx_6.15.0.202507011659\\db\/mcu/
2025-10-01 22:11:30,640 [INFO] ApiDb:274 - Set plugin database path to: M:\embedded\IDE\STM32CubeIDE_1.19.0\STM32CubeIDE\plugins\com.st.stm32cube.common.mx_6.15.0.202507011659\\db\/plugins/boardmanager/
2025-10-01 22:11:30,641 [WARN] ApiDb:259 - Overriding images path with different value:  => M:\embedded\IDE\STM32CubeIDE_1.19.0\STM32CubeIDE\plugins\com.st.stm32cube.common.mx_6.15.0.202507011659\\db\/plugins/mcufinder/images/
2025-10-01 22:11:30,648 [INFO] ApiDb:250 - Set database path to: C:\Users\NeerW\.stmcufinder\plugins\mcufinder//mcu/
2025-10-01 22:11:30,649 [INFO] DbMcusAds:125 - Set database path to: C:\Users\NeerW\.stmcufinder\plugins\mcufinder//mcu/
2025-10-01 22:11:30,652 [INFO] CrossReferenceDbSqlite:203 - Set database path to: C:\Users\NeerW\.stmcufinder\plugins\mcufinder//mcu/cs/
2025-10-01 22:11:30,776 [INFO] RulesReader:64 - Compatibility file has been processed (317 Rules)
2025-10-01 22:11:30,864 [INFO] DbMcusXml:78 - Set database path to: M:\embedded\IDE\STM32CubeIDE_1.19.0\STM32CubeIDE\plugins\com.st.stm32cube.common.mx_6.15.0.202507011659\\db\/mcu/
2025-10-01 22:11:30,864 [INFO] ApiDb:274 - Set plugin database path to: M:\embedded\IDE\STM32CubeIDE_1.19.0\STM32CubeIDE\plugins\com.st.stm32cube.common.mx_6.15.0.202507011659\\db\/plugins/boardmanager/
2025-10-01 22:11:30,864 [INFO] ApiDb:261 - Set plugin images path to: M:\embedded\IDE\STM32CubeIDE_1.19.0\STM32CubeIDE\plugins\com.st.stm32cube.common.mx_6.15.0.202507011659\\db\/plugins/mcufinder/images/
2025-10-01 22:11:30,864 [WARN] DbFile:41 - Overriding database path with different value: C:\Users\NeerW\.stmcufinder\plugins\mcufinder/ => C:\Users\NeerW\.stmcufinder\plugins\mcufinder
2025-10-01 22:11:30,865 [INFO] ApiDb:250 - Set database path to: C:\Users\NeerW\.stmcufinder\plugins\mcufinder//mcu/
2025-10-01 22:11:30,865 [WARN] DbFile:41 - Overriding database path with different value: C:\Users\NeerW\.stmcufinder\plugins\mcufinder/ => C:\Users\NeerW\.stmcufinder\plugins\mcufinder
2025-10-01 22:11:30,865 [INFO] DbMcusAds:125 - Set database path to: C:\Users\NeerW\.stmcufinder\plugins\mcufinder//mcu/
2025-10-01 22:11:30,865 [WARN] DbFile:41 - Overriding database path with different value: C:\Users\NeerW\.stmcufinder\plugins\mcufinder/ => C:\Users\NeerW\.stmcufinder\plugins\mcufinder
2025-10-01 22:11:30,865 [WARN] DbFile:41 - Overriding database path with different value: C:\Users\NeerW\.stmcufinder\plugins\mcufinder/ => C:\Users\NeerW\.stmcufinder\plugins\mcufinder
2025-10-01 22:11:30,865 [INFO] CrossReferenceDbSqlite:203 - Set database path to: C:\Users\NeerW\.stmcufinder\plugins\mcufinder//mcu/cs/
2025-10-01 22:11:30,935 [INFO] MainPanel:274 - HeapMemory: 268435456
2025-10-01 22:11:31,040 [INFO] DbMcusXml:78 - Set database path to: M:\embedded\IDE\STM32CubeIDE_1.19.0\STM32CubeIDE\plugins\com.st.stm32cube.common.mx_6.15.0.202507011659\\db\/mcu/
2025-10-01 22:11:31,040 [INFO] ApiDb:274 - Set plugin database path to: M:\embedded\IDE\STM32CubeIDE_1.19.0\STM32CubeIDE\plugins\com.st.stm32cube.common.mx_6.15.0.202507011659\\db\/plugins/boardmanager/
2025-10-01 22:11:31,040 [INFO] ApiDb:261 - Set plugin images path to: M:\embedded\IDE\STM32CubeIDE_1.19.0\STM32CubeIDE\plugins\com.st.stm32cube.common.mx_6.15.0.202507011659\\db\/plugins/mcufinder/images/
2025-10-01 22:11:31,041 [WARN] DbFile:41 - Overriding database path with different value: C:\Users\NeerW\.stmcufinder\plugins\mcufinder/ => C:\Users\NeerW\.stmcufinder\plugins\mcufinder
2025-10-01 22:11:31,041 [INFO] ApiDb:250 - Set database path to: C:\Users\NeerW\.stmcufinder\plugins\mcufinder//mcu/
2025-10-01 22:11:31,041 [WARN] DbFile:41 - Overriding database path with different value: C:\Users\NeerW\.stmcufinder\plugins\mcufinder/ => C:\Users\NeerW\.stmcufinder\plugins\mcufinder
2025-10-01 22:11:31,041 [INFO] DbMcusAds:125 - Set database path to: C:\Users\NeerW\.stmcufinder\plugins\mcufinder//mcu/
2025-10-01 22:11:31,041 [WARN] DbFile:41 - Overriding database path with different value: C:\Users\NeerW\.stmcufinder\plugins\mcufinder/ => C:\Users\NeerW\.stmcufinder\plugins\mcufinder
2025-10-01 22:11:31,041 [WARN] DbFile:41 - Overriding database path with different value: C:\Users\NeerW\.stmcufinder\plugins\mcufinder/ => C:\Users\NeerW\.stmcufinder\plugins\mcufinder
2025-10-01 22:11:31,041 [INFO] CrossReferenceDbSqlite:203 - Set database path to: C:\Users\NeerW\.stmcufinder\plugins\mcufinder//mcu/cs/
2025-10-01 22:11:31,059 [INFO] ApplicationProperties:184 - Using Application install path: M:\embedded\IDE\STM32CubeIDE_1.19.0\STM32CubeIDE\plugins\com.st.stm32cube.common.mx_6.15.0.202507011659
2025-10-01 22:11:31,061 [INFO] PluginManage:196 - Search for loadable plugins [exclusion list=, ]
2025-10-01 22:11:31,062 [INFO] PluginManage:310 - Check plugin analytics
2025-10-01 22:11:36,174 [INFO] AnalyticsPlugin:253 - Accepted Software Licenses: 
2025-10-01 22:11:36,174 [INFO] AnalyticsPlugin:255 - Accepted CMSIS Pack Licenses: 
2025-10-01 22:11:36,174 [INFO] AnalyticsPlugin:257 - Accepted Firmware Licenses: 
2025-10-01 22:11:36,176 [INFO] PluginManage:359 - Loaded plugin analytics (category:tool,tabindex:-1)
2025-10-01 22:11:36,176 [INFO] PluginManage:310 - Check plugin cadmodel
2025-10-01 22:11:36,196 [INFO] CADModel:105 - Init CAD model plugin
2025-10-01 22:11:36,197 [INFO] PluginManage:359 - Loaded plugin cadmodel (category:power,tabindex:5)
2025-10-01 22:11:36,197 [INFO] PluginManage:310 - Check plugin clock
2025-10-01 22:11:36,222 [INFO] PluginManage:359 - Loaded plugin clock (category:base,tabindex:2)
2025-10-01 22:11:36,222 [INFO] PluginManage:310 - Check plugin ddr
2025-10-01 22:11:36,224 [INFO] PluginManage:359 - Loaded plugin ddr (category:tool,tabindex:6)
2025-10-01 22:11:36,224 [INFO] PluginManage:310 - Check plugin filemanager
2025-10-01 22:11:36,373 [INFO] PluginManage:359 - Loaded plugin filemanager (category:base,tabindex:10)
2025-10-01 22:11:36,373 [INFO] PluginManage:310 - Check plugin ipmanager
2025-10-01 22:11:36,380 [INFO] PluginManage:359 - Loaded plugin ipmanager (category:base,tabindex:5)
2025-10-01 22:11:36,380 [INFO] PluginManage:310 - Check plugin lpbam
2025-10-01 22:11:36,400 [INFO] PluginManage:359 - Loaded plugin lpbam (category:base,tabindex:0)
2025-10-01 22:11:36,400 [INFO] PluginManage:310 - Check plugin memorymap
2025-10-01 22:11:36,424 [INFO] PluginManage:359 - Loaded plugin memorymap (category:base,tabindex:4)
2025-10-01 22:11:36,424 [INFO] PluginManage:310 - Check plugin pinoutandconfiguration
2025-10-01 22:11:36,445 [INFO] PluginManage:359 - Loaded plugin pinoutandconfiguration (category:base,tabindex:1)
2025-10-01 22:11:36,445 [INFO] PluginManage:310 - Check plugin pinoutconfig
2025-10-01 22:11:36,535 [WARN] SupportedApi:132 - Cannot load RTOS API schema: s4s-elt-must-match.1: The content of 'definitions' must match (annotation?, (simpleType | complexType)?, (unique | key | keyref)*)). A problem was found starting at: attribute.
2025-10-01 22:11:36,656 [INFO] PluginManage:359 - Loaded plugin pinoutconfig (category:base,tabindex:0)
2025-10-01 22:11:36,656 [INFO] PluginManage:310 - Check plugin power
2025-10-01 22:11:36,678 [INFO] PluginManage:359 - Loaded plugin power (category:power,tabindex:4)
2025-10-01 22:11:36,678 [INFO] PluginManage:310 - Check plugin projectmanager
2025-10-01 22:11:36,691 [INFO] PluginManage:359 - Loaded plugin projectmanager (category:projectmanager,tabindex:4)
2025-10-01 22:11:36,692 [INFO] PluginManage:310 - Check plugin rif
2025-10-01 22:11:36,713 [INFO] PluginManage:359 - Loaded plugin rif (category:base,tabindex:3)
2025-10-01 22:11:36,713 [INFO] PluginManage:310 - Check plugin thirdparty
2025-10-01 22:11:37,006 [INFO] PluginManage:359 - Loaded plugin thirdparty (category:base,tabindex:-1)
2025-10-01 22:11:37,006 [WARN] IntegrityCheckThread:84 - waiting for thirdparty lock release [integrity check]
2025-10-01 22:11:37,006 [INFO] PluginManage:310 - Check plugin tools
2025-10-01 22:11:37,006 [INFO] IntegrityCheckThread:86 - entering critical section [integrity check]
2025-10-01 22:11:37,006 [INFO] ThirdPartyUpdaterWithRetryManager:70 - Updater plugin not ready yet. [1/15]
2025-10-01 22:11:37,046 [INFO] PluginManage:359 - Loaded plugin tools (category:base,tabindex:7)
2025-10-01 22:11:37,047 [INFO] PluginManage:310 - Check plugin tutovideos
2025-10-01 22:11:37,257 [INFO] PluginManage:359 - Loaded plugin tutovideos (category:base,tabindex:-1)
2025-10-01 22:11:37,257 [INFO] PluginManage:310 - Check plugin updater
2025-10-01 22:11:37,279 [INFO] PluginManage:359 - Loaded plugin updater (category:base,tabindex:12)
2025-10-01 22:11:37,280 [INFO] PluginManage:310 - Check plugin userauth
2025-10-01 22:11:37,283 [INFO] UserAuth:118 - Init User Auth plugin
2025-10-01 22:11:37,284 [INFO] PluginManage:359 - Loaded plugin userauth (category:base,tabindex:14)
2025-10-01 22:11:37,284 [INFO] PluginManage:283 - PluginManage : Loaded plugins [18]
2025-10-01 22:11:37,499 [INFO] PinOutPanel:1589 - setPackage(No Configuration,No Configuration)
2025-10-01 22:11:37,588 [INFO] CADModel:165 - CPN selected for project level
2025-10-01 22:11:37,588 [INFO] CADModel:114 - Register for checkConnection events
2025-10-01 22:11:37,623 [INFO] IPUIPlugin:80 - create IPUIPlugin
2025-10-01 22:11:37,623 [INFO] PluginManager:220 - loadIPPluginJar : add adc
2025-10-01 22:11:37,668 [INFO] IPUIPlugin:80 - create IPUIPlugin
2025-10-01 22:11:37,668 [INFO] PluginManager:220 - loadIPPluginJar : add aes
2025-10-01 22:11:37,737 [INFO] IPUIPlugin:80 - create IPUIPlugin
2025-10-01 22:11:37,737 [INFO] PluginManager:220 - loadIPPluginJar : add can
2025-10-01 22:11:37,769 [INFO] IPUIPlugin:80 - create IPUIPlugin
2025-10-01 22:11:37,769 [INFO] PluginManager:220 - loadIPPluginJar : add comp
2025-10-01 22:11:37,808 [INFO] IPUIPlugin:80 - create IPUIPlugin
2025-10-01 22:11:37,808 [INFO] PluginManager:220 - loadIPPluginJar : add cryp
2025-10-01 22:11:37,823 [INFO] IPUIPlugin:80 - create IPUIPlugin
2025-10-01 22:11:37,823 [INFO] PluginManager:220 - loadIPPluginJar : add ddr_ctrl_phy
2025-10-01 22:11:37,866 [INFO] IPUIPlugin:80 - create IPUIPlugin
2025-10-01 22:11:37,866 [INFO] PluginManager:220 - loadIPPluginJar : add dfsdm
2025-10-01 22:11:37,885 [INFO] IPUIPlugin:80 - create IPUIPlugin
2025-10-01 22:11:37,886 [INFO] PluginManager:220 - loadIPPluginJar : add dma
2025-10-01 22:11:37,932 [INFO] IPUIPlugin:80 - create IPUIPlugin
2025-10-01 22:11:37,932 [INFO] PluginManager:220 - loadIPPluginJar : add dma3
2025-10-01 22:11:37,984 [INFO] IPUIPlugin:80 - create IPUIPlugin
2025-10-01 22:11:37,984 [INFO] PluginManager:220 - loadIPPluginJar : add extmemmanager
2025-10-01 22:11:38,009 [INFO] IPUIPlugin:80 - create IPUIPlugin
2025-10-01 22:11:38,009 [INFO] PluginManager:220 - loadIPPluginJar : add fatfs
2025-10-01 22:11:38,064 [INFO] IPUIPlugin:80 - create IPUIPlugin
2025-10-01 22:11:38,064 [INFO] PluginManager:220 - loadIPPluginJar : add fmc
2025-10-01 22:11:38,083 [INFO] IPUIPlugin:80 - create IPUIPlugin
2025-10-01 22:11:38,083 [INFO] PluginManager:220 - loadIPPluginJar : add freertos
2025-10-01 22:11:38,112 [INFO] IPUIPlugin:80 - create IPUIPlugin
2025-10-01 22:11:38,112 [INFO] PluginManager:220 - loadIPPluginJar : add genericplugin
2025-10-01 22:11:38,219 [INFO] IPUIPlugin:80 - create IPUIPlugin
2025-10-01 22:11:38,219 [INFO] PluginManager:220 - loadIPPluginJar : add gfxmmu
2025-10-01 22:11:38,394 [INFO] IPUIPlugin:80 - create IPUIPlugin
2025-10-01 22:11:38,394 [INFO] PluginManager:220 - loadIPPluginJar : add gic
2025-10-01 22:11:38,411 [INFO] IPUIPlugin:80 - create IPUIPlugin
2025-10-01 22:11:38,411 [INFO] PluginManager:220 - loadIPPluginJar : add gpio
2025-10-01 22:11:38,532 [INFO] IPUIPlugin:80 - create IPUIPlugin
2025-10-01 22:11:38,533 [INFO] PluginManager:220 - loadIPPluginJar : add gtzc
2025-10-01 22:11:38,582 [INFO] IPUIPlugin:80 - create IPUIPlugin
2025-10-01 22:11:38,582 [INFO] PluginManager:220 - loadIPPluginJar : add hash
2025-10-01 22:11:38,658 [INFO] IPUIPlugin:80 - create IPUIPlugin
2025-10-01 22:11:38,659 [INFO] PluginManager:220 - loadIPPluginJar : add i2c
2025-10-01 22:11:38,712 [INFO] IPUIPlugin:80 - create IPUIPlugin
2025-10-01 22:11:38,712 [INFO] PluginManager:220 - loadIPPluginJar : add i2s
2025-10-01 22:11:38,779 [INFO] IPUIPlugin:80 - create IPUIPlugin
2025-10-01 22:11:38,779 [INFO] PluginManager:220 - loadIPPluginJar : add i3c
2025-10-01 22:11:38,908 [INFO] IPUIPlugin:80 - create IPUIPlugin
2025-10-01 22:11:38,908 [INFO] PluginManager:220 - loadIPPluginJar : add ipddr
2025-10-01 22:11:39,032 [INFO] IPUIPlugin:80 - create IPUIPlugin
2025-10-01 22:11:39,032 [INFO] PluginManager:220 - loadIPPluginJar : add linkedlist
2025-10-01 22:11:39,084 [INFO] IPUIPlugin:80 - create IPUIPlugin
2025-10-01 22:11:39,084 [INFO] PluginManager:220 - loadIPPluginJar : add lorawan
2025-10-01 22:11:39,137 [INFO] IPUIPlugin:80 - create IPUIPlugin
2025-10-01 22:11:39,137 [INFO] PluginManager:220 - loadIPPluginJar : add ltdc
2025-10-01 22:11:39,154 [INFO] IPUIPlugin:80 - create IPUIPlugin
2025-10-01 22:11:39,154 [INFO] PluginManager:220 - loadIPPluginJar : add mdma
2025-10-01 22:11:39,171 [INFO] IPUIPlugin:80 - create IPUIPlugin
2025-10-01 22:11:39,171 [INFO] PluginManager:220 - loadIPPluginJar : add nvic
2025-10-01 22:11:39,225 [INFO] IPUIPlugin:80 - create IPUIPlugin
2025-10-01 22:11:39,225 [INFO] PluginManager:220 - loadIPPluginJar : add opamp
2025-10-01 22:11:39,319 [INFO] IPUIPlugin:80 - create IPUIPlugin
2025-10-01 22:11:39,320 [INFO] PluginManager:220 - loadIPPluginJar : add openamp
2025-10-01 22:11:39,381 [INFO] IPUIPlugin:80 - create IPUIPlugin
2025-10-01 22:11:39,381 [INFO] PluginManager:220 - loadIPPluginJar : add pdm2pcm
2025-10-01 22:11:39,400 [INFO] IPUIPlugin:80 - create IPUIPlugin
2025-10-01 22:11:39,403 [INFO] PluginManager:220 - loadIPPluginJar : add plateformsettings
2025-10-01 22:11:39,435 [INFO] IPUIPlugin:80 - create IPUIPlugin
2025-10-01 22:11:39,436 [INFO] PluginManager:220 - loadIPPluginJar : add quadspi
2025-10-01 22:11:39,472 [INFO] IPUIPlugin:80 - create IPUIPlugin
2025-10-01 22:11:39,473 [INFO] PluginManager:220 - loadIPPluginJar : add radio
2025-10-01 22:11:39,490 [INFO] IPUIPlugin:80 - create IPUIPlugin
2025-10-01 22:11:39,490 [INFO] PluginManager:220 - loadIPPluginJar : add resmgrutility
2025-10-01 22:11:39,556 [INFO] IPUIPlugin:80 - create IPUIPlugin
2025-10-01 22:11:39,556 [INFO] PluginManager:220 - loadIPPluginJar : add sai
2025-10-01 22:11:39,614 [INFO] IPUIPlugin:80 - create IPUIPlugin
2025-10-01 22:11:39,614 [INFO] PluginManager:220 - loadIPPluginJar : add spi
2025-10-01 22:11:39,718 [INFO] IPUIPlugin:80 - create IPUIPlugin
2025-10-01 22:11:39,718 [INFO] PluginManager:220 - loadIPPluginJar : add stm32_wpan
2025-10-01 22:11:39,752 [INFO] IPUIPlugin:80 - create IPUIPlugin
2025-10-01 22:11:39,752 [INFO] PluginManager:220 - loadIPPluginJar : add tim
2025-10-01 22:11:39,837 [INFO] IPUIPlugin:80 - create IPUIPlugin
2025-10-01 22:11:39,837 [INFO] PluginManager:220 - loadIPPluginJar : add touchsensing
2025-10-01 22:11:39,871 [INFO] IPUIPlugin:80 - create IPUIPlugin
2025-10-01 22:11:39,871 [INFO] PluginManager:220 - loadIPPluginJar : add tracer_emb
2025-10-01 22:11:39,905 [INFO] IPUIPlugin:80 - create IPUIPlugin
2025-10-01 22:11:39,905 [INFO] PluginManager:220 - loadIPPluginJar : add ts
2025-10-01 22:11:39,933 [INFO] IPUIPlugin:80 - create IPUIPlugin
2025-10-01 22:11:39,934 [INFO] PluginManager:220 - loadIPPluginJar : add tsc
2025-10-01 22:11:39,965 [INFO] IPUIPlugin:80 - create IPUIPlugin
2025-10-01 22:11:39,965 [INFO] PluginManager:220 - loadIPPluginJar : add ucpd
2025-10-01 22:11:40,007 [INFO] ThirdPartyUpdaterWithRetryManager:70 - Updater plugin not ready yet. [2/15]
2025-10-01 22:11:40,017 [INFO] IPUIPlugin:80 - create IPUIPlugin
2025-10-01 22:11:40,017 [INFO] PluginManager:220 - loadIPPluginJar : add usart
2025-10-01 22:11:40,076 [INFO] IPUIPlugin:80 - create IPUIPlugin
2025-10-01 22:11:40,076 [INFO] PluginManager:220 - loadIPPluginJar : add usbx
2025-10-01 22:11:40,201 [FATAL] Updater:351 - Updater called before beeing initialized
2025-10-01 22:11:40,228 [INFO] RulesReader:64 - Compatibility file has been processed (317 Rules)
2025-10-01 22:11:40,240 [INFO] RulesReader:64 - Compatibility file has been processed (317 Rules)
2025-10-01 22:11:40,251 [INFO] CADModel:165 - CPN selected for project level
2025-10-01 22:11:40,251 [INFO] CADModel:114 - Register for checkConnection events
2025-10-01 22:11:40,251 [FATAL] Updater:351 - Updater called before beeing initialized
2025-10-01 22:11:40,251 [ERROR] CADModel:125 - Updater not yet initialized, retry later 
2025-10-01 22:11:40,442 [FATAL] Updater:351 - Updater called before beeing initialized
2025-10-01 22:11:40,444 [INFO] CADModel:165 - CPN selected for project level
2025-10-01 22:11:40,444 [INFO] CADModel:114 - Register for checkConnection events
2025-10-01 22:11:40,444 [FATAL] Updater:351 - Updater called before beeing initialized
2025-10-01 22:11:40,444 [ERROR] CADModel:125 - Updater not yet initialized, retry later 
2025-10-01 22:11:40,448 [FATAL] Updater:351 - Updater called before beeing initialized
2025-10-01 22:11:40,552 [FATAL] Updater:351 - Updater called before beeing initialized
2025-10-01 22:11:40,564 [INFO] DbMcusAds:53 - JSON generation date=Tue Jul 08 10:14:23 CEST 2025 (1751962463582)
2025-10-01 22:11:40,565 [FATAL] Updater:351 - Updater called before beeing initialized
2025-10-01 22:11:40,657 [WARN] DetailPanel:346 - Failed to get advertising image, set to default
2025-10-01 22:11:40,775 [FATAL] Updater:351 - Updater called before beeing initialized
2025-10-01 22:11:40,777 [FATAL] Updater:351 - Updater called before beeing initialized
2025-10-01 22:11:40,778 [FATAL] Updater:351 - Updater called before beeing initialized
2025-10-01 22:11:40,778 [WARN] DetailPanel:346 - Failed to get advertising image, set to default
2025-10-01 22:11:40,779 [FATAL] Updater:351 - Updater called before beeing initialized
2025-10-01 22:11:40,854 [ERROR] Updater:1198 - MainUpdater not yet initialized. External WinMGr cannot be set.
2025-10-01 22:11:40,866 [INFO] Updater:1134 - Updater Version found : 6.15.0
2025-10-01 22:11:40,881 [INFO] ApplicationProperties:184 - Using Application install path: M:\embedded\IDE\STM32CubeIDE_1.19.0\STM32CubeIDE\plugins\com.st.stm32cube.common.mx_6.15.0.202507011659
2025-10-01 22:11:42,469 [ERROR] LogOutputStream:75 - [STDERR_REDIRECT] Oct 01, 2025 10:11:42 PM java.util.prefs.WindowsPreferences <init>
2025-10-01 22:11:42,471 [ERROR] LogOutputStream:75 - [STDERR_REDIRECT] WARNING: Could not open/create prefs root node Software\JavaSoft\Prefs at root 0xffffffff80000002. Windows RegCreateKeyEx(...) returned error code 5.
2025-10-01 22:11:42,471 [ERROR] LogOutputStream:75 - [STDERR_REDIRECT] 
2025-10-01 22:11:42,933 [INFO] MainUpdater:2872 - connection check result : 10
2025-10-01 22:11:42,933 [INFO] MainUpdater:289 - Updater Check For Update Now.
2025-10-01 22:11:42,934 [INFO] MicroXplorer:498 - Change Database Version : DB.6.0.150
2025-10-01 22:11:42,952 [INFO] McuFinderGlobals:63 - Set McuFinder mode to 2 (CubeIDE integrated)
2025-10-01 22:11:42,953 [INFO] UserAuth:171 - activating auth plugin
2025-10-01 22:11:42,956 [INFO] UserAuth:487 - Internet connection configuration mode: 1
2025-10-01 22:11:42,996 [INFO] JxBrowserEngine:152 - Initiate JxBrowser Engine with user profile folder
2025-10-01 22:11:43,009 [WARN] MainUpdater:1193 - Updater busy. Cannot search thirdparties
2025-10-01 22:11:43,009 [INFO] ThirdPartyUpdaterWithRetryManager:96 - Updater plugin is busy. [1/15]
2025-10-01 22:11:43,156 [INFO] CheckServerUpdateThread:120 - End of CheckServer Thread
2025-10-01 22:11:45,343 [INFO] WebApp:169 - Instantiating new browser for Auth
2025-10-01 22:11:45,984 [INFO] WebApp:463 - Apply proxy settings
2025-10-01 22:11:45,984 [INFO] WebApp:548 - Chromium requires no authentication
2025-10-01 22:11:45,993 [INFO] WebApp:491 - Direct internet connection detected
2025-10-01 22:11:46,015 [INFO] WebApp:900 - Register for checkConnection events
2025-10-01 22:11:46,015 [INFO] WebApp:463 - Apply proxy settings
2025-10-01 22:11:46,015 [INFO] WebApp:548 - Chromium requires no authentication
2025-10-01 22:11:46,016 [INFO] WebApp:491 - Direct internet connection detected
2025-10-01 22:11:46,187 [INFO] WebApp:191 - Connection restablished
2025-10-01 22:11:46,259 [INFO] WebApp:225 - Starting web application
2025-10-01 22:11:46,259 [INFO] WebApp:593 - Web application path used M:\embedded\IDE\STM32CubeIDE_1.19.0\STM32CubeIDE\plugins\com.st.stm32cube.common.mx_6.15.0.202507011659\db\plugins\mcufinder\reactClient1\index.html
2025-10-01 22:11:46,272 [WARN] PackLoader:240 - Cannot read IP mode file for STMicroelectronics.FP-SNS-MOTENVWB1.1.4.0
2025-10-01 22:11:46,298 [WARN] PackLoader:240 - Cannot read IP mode file for STMicroelectronics.FP-ATR-ASTRA1.2.0.2
2025-10-01 22:11:46,322 [WARN] PackLoader:240 - Cannot read IP mode file for STMicroelectronics.X-CUBE-SMBUS.2.1.0
2025-10-01 22:11:46,341 [WARN] PackLoader:240 - Cannot read IP mode file for STMicroelectronics.X-CUBE-ST60.1.0.0
2025-10-01 22:11:46,398 [WARN] PackLoader:240 - Cannot read IP mode file for STMicroelectronics.X-CUBE-AZRTOS-F7.1.1.0
2025-10-01 22:11:46,428 [WARN] PackLoader:240 - Cannot read IP mode file for WES.I-CUBE-Cesium.1.4.0
2025-10-01 22:11:46,473 [WARN] PackLoader:240 - Cannot read IP mode file for Infineon.AIROC-Wi-Fi-Bluetooth-STM32.1.7.1
2025-10-01 22:11:46,536 [WARN] PackLoader:240 - Cannot read IP mode file for STMicroelectronics.X-CUBE-AZRTOS-H7.3.4.0
2025-10-01 22:11:46,572 [WARN] PackLoader:240 - Cannot read IP mode file for STMicroelectronics.X-CUBE-DISPLAY.3.0.0
2025-10-01 22:11:46,605 [WARN] PackLoader:240 - Cannot read IP mode file for STMicroelectronics.X-CUBE-NFC10.1.0.0
2025-10-01 22:11:46,626 [WARN] PackLoader:240 - Cannot read IP mode file for emotas.I-CUBE-CANOPEN.1.3.0
2025-10-01 22:11:46,646 [WARN] PackLoader:240 - Cannot read IP mode file for STMicroelectronics.FP-SNS-STBOX1.2.1.0
2025-10-01 22:11:46,663 [WARN] PackLoader:240 - Cannot read IP mode file for STMicroelectronics.FP-SNS-SMARTAG2.1.2.0
2025-10-01 22:11:46,678 [WARN] PackLoader:240 - Cannot read IP mode file for STMicroelectronics.FP-SNS-FLIGHT1.5.1.0
2025-10-01 22:11:46,702 [INFO] LogOutputStream:77 - [STDOUT_REDIRECT] 1 : Invalid condition id : UX_CORESTACK_Condition cause : null
2025-10-01 22:11:46,703 [INFO] LogOutputStream:77 - [STDOUT_REDIRECT] 1 : Invalid condition id : UX_CORESTACK_Condition cause : null
2025-10-01 22:11:46,704 [INFO] LogOutputStream:77 - [STDOUT_REDIRECT] 1 : Invalid condition id : UX_CORESTACK_Condition cause : null
2025-10-01 22:11:46,704 [INFO] LogOutputStream:77 - [STDOUT_REDIRECT] 1 : Invalid condition id : UX_CORESTACK_Condition cause : null
2025-10-01 22:11:46,705 [INFO] LogOutputStream:77 - [STDOUT_REDIRECT] 1 : Invalid condition id : UX_CORESTACK_Condition cause : null
2025-10-01 22:11:46,707 [WARN] PackLoader:240 - Cannot read IP mode file for STMicroelectronics.X-CUBE-AZRTOS-WL.2.0.0
2025-10-01 22:11:46,724 [WARN] PackLoader:240 - Cannot read IP mode file for STMicroelectronics.FP-SNS-MOTENV1.5.0.0
2025-10-01 22:11:46,744 [WARN] PackLoader:240 - Cannot read IP mode file for STMicroelectronics.X-CUBE-BLE2.3.3.0
2025-10-01 22:11:46,764 [WARN] PackLoader:240 - Cannot read IP mode file for STMicroelectronics.X-CUBE-NFC9.1.0.0
2025-10-01 22:11:46,785 [WARN] PackLoader:240 - Cannot read IP mode file for wolfSSL.I-CUBE-wolfSSL.5.8.2
2025-10-01 22:11:46,804 [WARN] PackLoader:240 - Cannot read IP mode file for STMicroelectronics.X-CUBE-BLE1.7.1.0
2025-10-01 22:11:46,819 [WARN] PackLoader:240 - Cannot read IP mode file for wolfSSL.I-CUBE-wolfMQTT.1.19.2
2025-10-01 22:11:46,837 [WARN] PackLoader:240 - Cannot read IP mode file for STMicroelectronics.X-CUBE-EEPRMA1.5.2.0
2025-10-01 22:11:46,869 [WARN] PackLoader:240 - Cannot read IP mode file for STMicroelectronics.X-CUBE-AZRTOS-G0.1.1.0
2025-10-01 22:11:46,890 [WARN] PackLoader:240 - Cannot read IP mode file for STMicroelectronics.X-CUBE-SAFEA1.1.2.2
2025-10-01 22:11:46,909 [WARN] PackLoader:240 - Cannot read IP mode file for STMicroelectronics.X-CUBE-NFC4.3.0.0
2025-10-01 22:11:46,930 [WARN] PackLoader:240 - Cannot read IP mode file for EmbeddedOffice.I-CUBE-FS-RTOS.1.0.1
2025-10-01 22:11:46,948 [WARN] PackLoader:240 - Cannot read IP mode file for STMicroelectronics.X-CUBE-WB05N.2.0.0
2025-10-01 22:11:46,966 [WARN] PackLoader:240 - Cannot read IP mode file for wolfSSL.I-CUBE-wolfTPM.3.8.0
2025-10-01 22:11:46,984 [WARN] PackLoader:240 - Cannot read IP mode file for STMicroelectronics.X-CUBE-TCPP.4.2.0
2025-10-01 22:11:47,001 [WARN] PackLoader:240 - Cannot read IP mode file for RealThread.X-CUBE-RT-Thread_Nano.4.1.1
2025-10-01 22:11:47,018 [WARN] PackLoader:240 - Cannot read IP mode file for STMicroelectronics.FP-ATR-SIGFOX1.3.2.0
2025-10-01 22:11:47,033 [WARN] PackLoader:240 - Cannot read IP mode file for ITTIA_DB.I-CUBE-ITTIADB.8.9.0
2025-10-01 22:11:47,053 [WARN] PackLoader:240 - Cannot read IP mode file for STMicroelectronics.X-CUBE-ST67W61.1.0.0
2025-10-01 22:11:47,067 [WARN] PackLoader:240 - Cannot read IP mode file for STMicroelectronics.X-CUBE-AI.10.2.0
2025-10-01 22:11:47,104 [WARN] PackLoader:240 - Cannot read IP mode file for SEGGER.I-CUBE-embOS.1.3.1
2025-10-01 22:11:47,155 [WARN] PackLoader:240 - Cannot read IP mode file for STMicroelectronics.X-CUBE-ALGOBUILD.1.4.0
2025-10-01 22:11:47,223 [WARN] PackLoader:240 - Cannot read IP mode file for STMicroelectronics.X-CUBE-MEMS1.11.3.0
2025-10-01 22:11:47,350 [WARN] PackLoader:240 - Cannot read IP mode file for STMicroelectronics.X-CUBE-PM33A1.1.0.0
2025-10-01 22:11:47,402 [WARN] PackLoader:240 - Cannot read IP mode file for STMicroelectronics.X-CUBE-AZRTOS-F4.1.1.0
2025-10-01 22:11:47,426 [WARN] PackLoader:240 - Cannot read IP mode file for Avnet-IotConnect.X-CUBE-IoTC-DA16k-PMOD.1.0.0
2025-10-01 22:11:47,450 [WARN] PackLoader:240 - Cannot read IP mode file for STMicroelectronics.X-CUBE-ISPU.2.1.0
2025-10-01 22:11:47,469 [WARN] PackLoader:240 - Cannot read IP mode file for STMicroelectronics.X-CUBE-NFC12.1.0.0
2025-10-01 22:11:47,502 [WARN] PackLoader:240 - Cannot read IP mode file for STMicroelectronics.X-CUBE-AZRTOS-L5.2.0.0
2025-10-01 22:11:47,524 [WARN] PackLoader:240 - Cannot read IP mode file for STMicroelectronics.X-CUBE-NFC6.3.1.0
2025-10-01 22:11:47,544 [WARN] PackLoader:240 - Cannot read IP mode file for STMicroelectronics.X-CUBE-FREERTOS.1.3.1
2025-10-01 22:11:47,561 [WARN] PackLoader:240 - Cannot read IP mode file for STMicroelectronics.FP-SNS-STAIOTCFT.1.0.0
2025-10-01 22:11:47,578 [WARN] PackLoader:240 - Cannot read IP mode file for STMicroelectronics.X-CUBE-DPower.1.3.0
2025-10-01 22:11:47,610 [WARN] ConditionMgr:438 - getConditionDescription Invalid condition id : LAN8742 Phy interface Condition cause : null
2025-10-01 22:11:47,611 [WARN] PackLoader:240 - Cannot read IP mode file for STMicroelectronics.X-CUBE-AZRTOS-L4.2.0.0
2025-10-01 22:11:47,613 [WARN] ConditionMgr:1044 - genDependencies : Invalid condition id : LAN8742 Phy interface Condition cause : null
2025-10-01 22:11:47,613 [WARN] ConditionMgr:1044 - genDependencies : Invalid condition id : LAN8742 Phy interface Condition cause : null
2025-10-01 22:11:47,614 [WARN] ConditionMgr:1044 - genDependencies : Invalid condition id : LAN8742 Phy interface Condition cause : null
2025-10-01 22:11:47,633 [WARN] PackLoader:240 - Cannot read IP mode file for STMicroelectronics.X-CUBE-SFXS2LP1.4.0.0
2025-10-01 22:11:47,656 [WARN] PackLoader:240 - Cannot read IP mode file for STMicroelectronics.X-CUBE-BLEMGR.4.1.0
2025-10-01 22:11:47,684 [WARN] ConditionMgr:438 - getConditionDescription Invalid condition id : UX DEVICE CLASS RTOS Condition cause : null
2025-10-01 22:11:47,684 [WARN] ConditionMgr:438 - getConditionDescription Invalid condition id : UX DEVICE CLASS RTOS Condition cause : null
2025-10-01 22:11:47,685 [WARN] PackLoader:240 - Cannot read IP mode file for STMicroelectronics.X-CUBE-AZRTOS-WB.2.0.0
2025-10-01 22:11:47,685 [WARN] ConditionMgr:1044 - genDependencies : Invalid condition id : UX DEVICE CLASS RTOS Condition cause : null
2025-10-01 22:11:47,685 [WARN] ConditionMgr:1044 - genDependencies : Invalid condition id : UX DEVICE CLASS RTOS Condition cause : null
2025-10-01 22:11:47,686 [WARN] ConditionMgr:1044 - genDependencies : Invalid condition id : UX DEVICE CLASS RTOS Condition cause : null
2025-10-01 22:11:47,686 [WARN] ConditionMgr:1044 - genDependencies : Invalid condition id : UX DEVICE CLASS RTOS Condition cause : null
2025-10-01 22:11:47,686 [WARN] ConditionMgr:1044 - genDependencies : Invalid condition id : UX DEVICE CLASS RTOS Condition cause : null
2025-10-01 22:11:47,703 [WARN] PackLoader:240 - Cannot read IP mode file for STMicroelectronics.X-CUBE-GNSS1.7.0.1
2025-10-01 22:11:47,720 [WARN] PackLoader:240 - Cannot read IP mode file for STMicroelectronics.X-CUBE-TOUCHGFX.4.25.0
2025-10-01 22:11:47,735 [WARN] ConditionMgr:438 - getConditionDescription Invalid condition id : Cortex-A Device cause : null
2025-10-01 22:11:47,761 [WARN] ConditionMgr:1044 - genDependencies : Invalid condition id : Cortex-A Device cause : null
2025-10-01 22:11:47,761 [WARN] ConditionMgr:1044 - genDependencies : Invalid condition id : Cortex-A Device cause : null
2025-10-01 22:11:47,761 [WARN] ConditionMgr:1044 - genDependencies : Invalid condition id : Cortex-A Device cause : null
2025-10-01 22:11:47,780 [WARN] PackLoader:240 - Cannot read IP mode file for STMicroelectronics.X-CUBE-SUBG2.5.0.0
2025-10-01 22:11:47,812 [WARN] PackLoader:240 - Cannot read IP mode file for STMicroelectronics.X-CUBE-AZRTOS-H7RS.1.1.0
2025-10-01 22:11:47,829 [WARN] PackLoader:240 - Cannot read IP mode file for Cesanta.I-CUBE-Mongoose.7.13.0
2025-10-01 22:11:47,851 [WARN] PackLoader:240 - Cannot read IP mode file for STMicroelectronics.X-CUBE-AZRTOS-G4.2.0.0
2025-10-01 22:11:47,868 [WARN] PackLoader:240 - Cannot read IP mode file for wolfSSL.I-CUBE-wolfSSH.1.4.20
2025-10-01 22:11:47,884 [WARN] PackLoader:240 - Cannot read IP mode file for STMicroelectronics.X-CUBE-NFC7.2.0.0
2025-10-01 22:11:47,907 [WARN] PackLoader:240 - Cannot read IP mode file for STMicroelectronics.X-CUBE-IPS.3.1.0
2025-10-01 22:11:47,926 [WARN] PackLoader:240 - Cannot read IP mode file for STMicroelectronics.X-CUBE-ALS.1.0.2
2025-10-01 22:11:47,943 [WARN] PackLoader:240 - Cannot read IP mode file for STMicroelectronics.X-CUBE-STSE01.1.0.0
2025-10-01 22:11:47,964 [WARN] PackLoader:240 - Cannot read IP mode file for STMicroelectronics.X-CUBE-TOF1.3.4.3
2025-10-01 22:11:47,971 [INFO] ThirdParty:978 - Integrity check success = true
2025-10-01 22:11:47,971 [INFO] IntegrityCheckThread:100 - exiting critical section [integrity check]
2025-10-01 22:11:47,971 [INFO] IntegrityCheckThread:103 - End integrity checks thread
