2025-09-30 18:47:15,502 [INFO] Activator:176 - 


2025-09-30 18:47:15,507 [INFO] Activator:177 - !SESSION log4j initialized
2025-09-30 18:47:24,012 [INFO] LogOutputStream:77 - [STDOUT_REDIRECT] 
2025-09-30 18:47:31,806 [INFO] ApplicationProperties:184 - Using Application install path: M:\embedded\IDE\STM32CubeIDE_1.19.0\STM32CubeIDE\plugins\com.st.stm32cube.common.mx_6.15.0.202507011659
2025-09-30 18:47:31,822 [INFO] DbMcusXml:78 - Set database path to: M:\embedded\IDE\STM32CubeIDE_1.19.0\STM32CubeIDE\plugins\com.st.stm32cube.common.mx_6.15.0.202507011659\\db\/mcu/
2025-09-30 18:47:31,822 [INFO] ApiDb:274 - Set plugin database path to: M:\embedded\IDE\STM32CubeIDE_1.19.0\STM32CubeIDE\plugins\com.st.stm32cube.common.mx_6.15.0.202507011659\\db\/plugins/boardmanager/
2025-09-30 18:47:31,823 [WARN] ApiDb:259 - Overriding images path with different value:  => M:\embedded\IDE\STM32CubeIDE_1.19.0\STM32CubeIDE\plugins\com.st.stm32cube.common.mx_6.15.0.202507011659\\db\/plugins/mcufinder/images/
2025-09-30 18:47:31,829 [INFO] ApiDb:250 - Set database path to: C:\Users\NeerW\.stmcufinder\plugins\mcufinder//mcu/
2025-09-30 18:47:31,831 [INFO] DbMcusAds:125 - Set database path to: C:\Users\NeerW\.stmcufinder\plugins\mcufinder//mcu/
2025-09-30 18:47:31,833 [INFO] CrossReferenceDbSqlite:203 - Set database path to: C:\Users\NeerW\.stmcufinder\plugins\mcufinder//mcu/cs/
2025-09-30 18:47:31,939 [INFO] RulesReader:64 - Compatibility file has been processed (317 Rules)
2025-09-30 18:47:32,027 [INFO] DbMcusXml:78 - Set database path to: M:\embedded\IDE\STM32CubeIDE_1.19.0\STM32CubeIDE\plugins\com.st.stm32cube.common.mx_6.15.0.202507011659\\db\/mcu/
2025-09-30 18:47:32,027 [INFO] ApiDb:274 - Set plugin database path to: M:\embedded\IDE\STM32CubeIDE_1.19.0\STM32CubeIDE\plugins\com.st.stm32cube.common.mx_6.15.0.202507011659\\db\/plugins/boardmanager/
2025-09-30 18:47:32,027 [INFO] ApiDb:261 - Set plugin images path to: M:\embedded\IDE\STM32CubeIDE_1.19.0\STM32CubeIDE\plugins\com.st.stm32cube.common.mx_6.15.0.202507011659\\db\/plugins/mcufinder/images/
2025-09-30 18:47:32,027 [WARN] DbFile:41 - Overriding database path with different value: C:\Users\NeerW\.stmcufinder\plugins\mcufinder/ => C:\Users\NeerW\.stmcufinder\plugins\mcufinder
2025-09-30 18:47:32,027 [INFO] ApiDb:250 - Set database path to: C:\Users\NeerW\.stmcufinder\plugins\mcufinder//mcu/
2025-09-30 18:47:32,027 [WARN] DbFile:41 - Overriding database path with different value: C:\Users\NeerW\.stmcufinder\plugins\mcufinder/ => C:\Users\NeerW\.stmcufinder\plugins\mcufinder
2025-09-30 18:47:32,027 [INFO] DbMcusAds:125 - Set database path to: C:\Users\NeerW\.stmcufinder\plugins\mcufinder//mcu/
2025-09-30 18:47:32,027 [WARN] DbFile:41 - Overriding database path with different value: C:\Users\NeerW\.stmcufinder\plugins\mcufinder/ => C:\Users\NeerW\.stmcufinder\plugins\mcufinder
2025-09-30 18:47:32,028 [WARN] DbFile:41 - Overriding database path with different value: C:\Users\NeerW\.stmcufinder\plugins\mcufinder/ => C:\Users\NeerW\.stmcufinder\plugins\mcufinder
2025-09-30 18:47:32,028 [INFO] CrossReferenceDbSqlite:203 - Set database path to: C:\Users\NeerW\.stmcufinder\plugins\mcufinder//mcu/cs/
2025-09-30 18:47:32,095 [INFO] MainPanel:274 - HeapMemory: 268435456
2025-09-30 18:47:32,196 [INFO] DbMcusXml:78 - Set database path to: M:\embedded\IDE\STM32CubeIDE_1.19.0\STM32CubeIDE\plugins\com.st.stm32cube.common.mx_6.15.0.202507011659\\db\/mcu/
2025-09-30 18:47:32,196 [INFO] ApiDb:274 - Set plugin database path to: M:\embedded\IDE\STM32CubeIDE_1.19.0\STM32CubeIDE\plugins\com.st.stm32cube.common.mx_6.15.0.202507011659\\db\/plugins/boardmanager/
2025-09-30 18:47:32,196 [INFO] ApiDb:261 - Set plugin images path to: M:\embedded\IDE\STM32CubeIDE_1.19.0\STM32CubeIDE\plugins\com.st.stm32cube.common.mx_6.15.0.202507011659\\db\/plugins/mcufinder/images/
2025-09-30 18:47:32,197 [WARN] DbFile:41 - Overriding database path with different value: C:\Users\NeerW\.stmcufinder\plugins\mcufinder/ => C:\Users\NeerW\.stmcufinder\plugins\mcufinder
2025-09-30 18:47:32,197 [INFO] ApiDb:250 - Set database path to: C:\Users\NeerW\.stmcufinder\plugins\mcufinder//mcu/
2025-09-30 18:47:32,197 [WARN] DbFile:41 - Overriding database path with different value: C:\Users\NeerW\.stmcufinder\plugins\mcufinder/ => C:\Users\NeerW\.stmcufinder\plugins\mcufinder
2025-09-30 18:47:32,197 [INFO] DbMcusAds:125 - Set database path to: C:\Users\NeerW\.stmcufinder\plugins\mcufinder//mcu/
2025-09-30 18:47:32,197 [WARN] DbFile:41 - Overriding database path with different value: C:\Users\NeerW\.stmcufinder\plugins\mcufinder/ => C:\Users\NeerW\.stmcufinder\plugins\mcufinder
2025-09-30 18:47:32,197 [WARN] DbFile:41 - Overriding database path with different value: C:\Users\NeerW\.stmcufinder\plugins\mcufinder/ => C:\Users\NeerW\.stmcufinder\plugins\mcufinder
2025-09-30 18:47:32,197 [INFO] CrossReferenceDbSqlite:203 - Set database path to: C:\Users\NeerW\.stmcufinder\plugins\mcufinder//mcu/cs/
2025-09-30 18:47:32,216 [INFO] ApplicationProperties:184 - Using Application install path: M:\embedded\IDE\STM32CubeIDE_1.19.0\STM32CubeIDE\plugins\com.st.stm32cube.common.mx_6.15.0.202507011659
2025-09-30 18:47:32,217 [INFO] PluginManage:196 - Search for loadable plugins [exclusion list=, ]
2025-09-30 18:47:32,219 [INFO] PluginManage:310 - Check plugin analytics
2025-09-30 18:47:37,331 [INFO] AnalyticsPlugin:253 - Accepted Software Licenses: 
2025-09-30 18:47:37,332 [INFO] AnalyticsPlugin:255 - Accepted CMSIS Pack Licenses: 
2025-09-30 18:47:37,332 [INFO] AnalyticsPlugin:257 - Accepted Firmware Licenses: 
2025-09-30 18:47:37,334 [INFO] PluginManage:359 - Loaded plugin analytics (category:tool,tabindex:-1)
2025-09-30 18:47:37,334 [INFO] PluginManage:310 - Check plugin cadmodel
2025-09-30 18:47:37,356 [INFO] CADModel:105 - Init CAD model plugin
2025-09-30 18:47:37,357 [INFO] PluginManage:359 - Loaded plugin cadmodel (category:power,tabindex:5)
2025-09-30 18:47:37,357 [INFO] PluginManage:310 - Check plugin clock
2025-09-30 18:47:37,381 [INFO] PluginManage:359 - Loaded plugin clock (category:base,tabindex:2)
2025-09-30 18:47:37,382 [INFO] PluginManage:310 - Check plugin ddr
2025-09-30 18:47:37,384 [INFO] PluginManage:359 - Loaded plugin ddr (category:tool,tabindex:6)
2025-09-30 18:47:37,384 [INFO] PluginManage:310 - Check plugin filemanager
2025-09-30 18:47:37,538 [INFO] PluginManage:359 - Loaded plugin filemanager (category:base,tabindex:10)
2025-09-30 18:47:37,539 [INFO] PluginManage:310 - Check plugin ipmanager
2025-09-30 18:47:37,546 [INFO] PluginManage:359 - Loaded plugin ipmanager (category:base,tabindex:5)
2025-09-30 18:47:37,547 [INFO] PluginManage:310 - Check plugin lpbam
2025-09-30 18:47:37,568 [INFO] PluginManage:359 - Loaded plugin lpbam (category:base,tabindex:0)
2025-09-30 18:47:37,568 [INFO] PluginManage:310 - Check plugin memorymap
2025-09-30 18:47:37,597 [INFO] PluginManage:359 - Loaded plugin memorymap (category:base,tabindex:4)
2025-09-30 18:47:37,597 [INFO] PluginManage:310 - Check plugin pinoutandconfiguration
2025-09-30 18:47:37,621 [INFO] PluginManage:359 - Loaded plugin pinoutandconfiguration (category:base,tabindex:1)
2025-09-30 18:47:37,621 [INFO] PluginManage:310 - Check plugin pinoutconfig
2025-09-30 18:47:37,728 [WARN] SupportedApi:132 - Cannot load RTOS API schema: s4s-elt-must-match.1: The content of 'definitions' must match (annotation?, (simpleType | complexType)?, (unique | key | keyref)*)). A problem was found starting at: attribute.
2025-09-30 18:47:37,852 [INFO] PluginManage:359 - Loaded plugin pinoutconfig (category:base,tabindex:0)
2025-09-30 18:47:37,852 [INFO] PluginManage:310 - Check plugin power
2025-09-30 18:47:37,874 [INFO] PluginManage:359 - Loaded plugin power (category:power,tabindex:4)
2025-09-30 18:47:37,875 [INFO] PluginManage:310 - Check plugin projectmanager
2025-09-30 18:47:37,889 [INFO] PluginManage:359 - Loaded plugin projectmanager (category:projectmanager,tabindex:4)
2025-09-30 18:47:37,890 [INFO] PluginManage:310 - Check plugin rif
2025-09-30 18:47:37,913 [INFO] PluginManage:359 - Loaded plugin rif (category:base,tabindex:3)
2025-09-30 18:47:37,913 [INFO] PluginManage:310 - Check plugin thirdparty
2025-09-30 18:47:38,230 [INFO] PluginManage:359 - Loaded plugin thirdparty (category:base,tabindex:-1)
2025-09-30 18:47:38,230 [WARN] IntegrityCheckThread:84 - waiting for thirdparty lock release [integrity check]
2025-09-30 18:47:38,230 [INFO] IntegrityCheckThread:86 - entering critical section [integrity check]
2025-09-30 18:47:38,230 [INFO] PluginManage:310 - Check plugin tools
2025-09-30 18:47:38,230 [INFO] ThirdPartyUpdaterWithRetryManager:70 - Updater plugin not ready yet. [1/15]
2025-09-30 18:47:38,274 [INFO] PluginManage:359 - Loaded plugin tools (category:base,tabindex:7)
2025-09-30 18:47:38,274 [INFO] PluginManage:310 - Check plugin tutovideos
2025-09-30 18:47:38,522 [INFO] PluginManage:359 - Loaded plugin tutovideos (category:base,tabindex:-1)
2025-09-30 18:47:38,522 [INFO] PluginManage:310 - Check plugin updater
2025-09-30 18:47:38,544 [INFO] PluginManage:359 - Loaded plugin updater (category:base,tabindex:12)
2025-09-30 18:47:38,545 [INFO] PluginManage:310 - Check plugin userauth
2025-09-30 18:47:38,548 [INFO] UserAuth:118 - Init User Auth plugin
2025-09-30 18:47:38,549 [INFO] PluginManage:359 - Loaded plugin userauth (category:base,tabindex:14)
2025-09-30 18:47:38,549 [INFO] PluginManage:283 - PluginManage : Loaded plugins [18]
2025-09-30 18:47:38,762 [INFO] PinOutPanel:1589 - setPackage(No Configuration,No Configuration)
2025-09-30 18:47:38,860 [INFO] CADModel:165 - CPN selected for project level
2025-09-30 18:47:38,860 [INFO] CADModel:114 - Register for checkConnection events
2025-09-30 18:47:38,892 [INFO] IPUIPlugin:80 - create IPUIPlugin
2025-09-30 18:47:38,892 [INFO] PluginManager:220 - loadIPPluginJar : add adc
2025-09-30 18:47:38,943 [INFO] IPUIPlugin:80 - create IPUIPlugin
2025-09-30 18:47:38,943 [INFO] PluginManager:220 - loadIPPluginJar : add aes
2025-09-30 18:47:39,007 [INFO] IPUIPlugin:80 - create IPUIPlugin
2025-09-30 18:47:39,007 [INFO] PluginManager:220 - loadIPPluginJar : add can
2025-09-30 18:47:39,048 [INFO] IPUIPlugin:80 - create IPUIPlugin
2025-09-30 18:47:39,048 [INFO] PluginManager:220 - loadIPPluginJar : add comp
2025-09-30 18:47:39,092 [INFO] IPUIPlugin:80 - create IPUIPlugin
2025-09-30 18:47:39,092 [INFO] PluginManager:220 - loadIPPluginJar : add cryp
2025-09-30 18:47:39,111 [INFO] IPUIPlugin:80 - create IPUIPlugin
2025-09-30 18:47:39,112 [INFO] PluginManager:220 - loadIPPluginJar : add ddr_ctrl_phy
2025-09-30 18:47:39,154 [INFO] IPUIPlugin:80 - create IPUIPlugin
2025-09-30 18:47:39,154 [INFO] PluginManager:220 - loadIPPluginJar : add dfsdm
2025-09-30 18:47:39,182 [INFO] IPUIPlugin:80 - create IPUIPlugin
2025-09-30 18:47:39,183 [INFO] PluginManager:220 - loadIPPluginJar : add dma
2025-09-30 18:47:39,243 [INFO] IPUIPlugin:80 - create IPUIPlugin
2025-09-30 18:47:39,244 [INFO] PluginManager:220 - loadIPPluginJar : add dma3
2025-09-30 18:47:39,308 [INFO] IPUIPlugin:80 - create IPUIPlugin
2025-09-30 18:47:39,308 [INFO] PluginManager:220 - loadIPPluginJar : add extmemmanager
2025-09-30 18:47:39,339 [INFO] IPUIPlugin:80 - create IPUIPlugin
2025-09-30 18:47:39,339 [INFO] PluginManager:220 - loadIPPluginJar : add fatfs
2025-09-30 18:47:39,426 [INFO] IPUIPlugin:80 - create IPUIPlugin
2025-09-30 18:47:39,426 [INFO] PluginManager:220 - loadIPPluginJar : add fmc
2025-09-30 18:47:39,453 [INFO] IPUIPlugin:80 - create IPUIPlugin
2025-09-30 18:47:39,454 [INFO] PluginManager:220 - loadIPPluginJar : add freertos
2025-09-30 18:47:39,490 [INFO] IPUIPlugin:80 - create IPUIPlugin
2025-09-30 18:47:39,491 [INFO] PluginManager:220 - loadIPPluginJar : add genericplugin
2025-09-30 18:47:39,645 [INFO] IPUIPlugin:80 - create IPUIPlugin
2025-09-30 18:47:39,645 [INFO] PluginManager:220 - loadIPPluginJar : add gfxmmu
2025-09-30 18:47:39,867 [INFO] IPUIPlugin:80 - create IPUIPlugin
2025-09-30 18:47:39,867 [INFO] PluginManager:220 - loadIPPluginJar : add gic
2025-09-30 18:47:39,888 [INFO] IPUIPlugin:80 - create IPUIPlugin
2025-09-30 18:47:39,889 [INFO] PluginManager:220 - loadIPPluginJar : add gpio
2025-09-30 18:47:40,033 [INFO] IPUIPlugin:80 - create IPUIPlugin
2025-09-30 18:47:40,034 [INFO] PluginManager:220 - loadIPPluginJar : add gtzc
2025-09-30 18:47:40,078 [INFO] IPUIPlugin:80 - create IPUIPlugin
2025-09-30 18:47:40,078 [INFO] PluginManager:220 - loadIPPluginJar : add hash
2025-09-30 18:47:40,152 [INFO] IPUIPlugin:80 - create IPUIPlugin
2025-09-30 18:47:40,153 [INFO] PluginManager:220 - loadIPPluginJar : add i2c
2025-09-30 18:47:40,204 [INFO] IPUIPlugin:80 - create IPUIPlugin
2025-09-30 18:47:40,205 [INFO] PluginManager:220 - loadIPPluginJar : add i2s
2025-09-30 18:47:40,260 [INFO] IPUIPlugin:80 - create IPUIPlugin
2025-09-30 18:47:40,260 [INFO] PluginManager:220 - loadIPPluginJar : add i3c
2025-09-30 18:47:40,390 [INFO] IPUIPlugin:80 - create IPUIPlugin
2025-09-30 18:47:40,390 [INFO] PluginManager:220 - loadIPPluginJar : add ipddr
2025-09-30 18:47:40,524 [INFO] IPUIPlugin:80 - create IPUIPlugin
2025-09-30 18:47:40,524 [INFO] PluginManager:220 - loadIPPluginJar : add linkedlist
2025-09-30 18:47:40,577 [INFO] IPUIPlugin:80 - create IPUIPlugin
2025-09-30 18:47:40,578 [INFO] PluginManager:220 - loadIPPluginJar : add lorawan
2025-09-30 18:47:40,630 [INFO] IPUIPlugin:80 - create IPUIPlugin
2025-09-30 18:47:40,630 [INFO] PluginManager:220 - loadIPPluginJar : add ltdc
2025-09-30 18:47:40,647 [INFO] IPUIPlugin:80 - create IPUIPlugin
2025-09-30 18:47:40,647 [INFO] PluginManager:220 - loadIPPluginJar : add mdma
2025-09-30 18:47:40,664 [INFO] IPUIPlugin:80 - create IPUIPlugin
2025-09-30 18:47:40,664 [INFO] PluginManager:220 - loadIPPluginJar : add nvic
2025-09-30 18:47:40,710 [INFO] IPUIPlugin:80 - create IPUIPlugin
2025-09-30 18:47:40,710 [INFO] PluginManager:220 - loadIPPluginJar : add opamp
2025-09-30 18:47:40,783 [INFO] IPUIPlugin:80 - create IPUIPlugin
2025-09-30 18:47:40,783 [INFO] PluginManager:220 - loadIPPluginJar : add openamp
2025-09-30 18:47:40,835 [INFO] IPUIPlugin:80 - create IPUIPlugin
2025-09-30 18:47:40,836 [INFO] PluginManager:220 - loadIPPluginJar : add pdm2pcm
2025-09-30 18:47:40,852 [INFO] IPUIPlugin:80 - create IPUIPlugin
2025-09-30 18:47:40,854 [INFO] PluginManager:220 - loadIPPluginJar : add plateformsettings
2025-09-30 18:47:40,882 [INFO] IPUIPlugin:80 - create IPUIPlugin
2025-09-30 18:47:40,882 [INFO] PluginManager:220 - loadIPPluginJar : add quadspi
2025-09-30 18:47:40,915 [INFO] IPUIPlugin:80 - create IPUIPlugin
2025-09-30 18:47:40,916 [INFO] PluginManager:220 - loadIPPluginJar : add radio
2025-09-30 18:47:40,932 [INFO] IPUIPlugin:80 - create IPUIPlugin
2025-09-30 18:47:40,932 [INFO] PluginManager:220 - loadIPPluginJar : add resmgrutility
2025-09-30 18:47:40,990 [INFO] IPUIPlugin:80 - create IPUIPlugin
2025-09-30 18:47:40,990 [INFO] PluginManager:220 - loadIPPluginJar : add sai
2025-09-30 18:47:41,032 [INFO] IPUIPlugin:80 - create IPUIPlugin
2025-09-30 18:47:41,032 [INFO] PluginManager:220 - loadIPPluginJar : add spi
2025-09-30 18:47:41,127 [INFO] IPUIPlugin:80 - create IPUIPlugin
2025-09-30 18:47:41,128 [INFO] PluginManager:220 - loadIPPluginJar : add stm32_wpan
2025-09-30 18:47:41,161 [INFO] IPUIPlugin:80 - create IPUIPlugin
2025-09-30 18:47:41,161 [INFO] PluginManager:220 - loadIPPluginJar : add tim
2025-09-30 18:47:41,232 [INFO] ThirdPartyUpdaterWithRetryManager:70 - Updater plugin not ready yet. [2/15]
2025-09-30 18:47:41,239 [INFO] IPUIPlugin:80 - create IPUIPlugin
2025-09-30 18:47:41,240 [INFO] PluginManager:220 - loadIPPluginJar : add touchsensing
2025-09-30 18:47:41,269 [INFO] IPUIPlugin:80 - create IPUIPlugin
2025-09-30 18:47:41,269 [INFO] PluginManager:220 - loadIPPluginJar : add tracer_emb
2025-09-30 18:47:41,303 [INFO] IPUIPlugin:80 - create IPUIPlugin
2025-09-30 18:47:41,303 [INFO] PluginManager:220 - loadIPPluginJar : add ts
2025-09-30 18:47:41,335 [INFO] IPUIPlugin:80 - create IPUIPlugin
2025-09-30 18:47:41,335 [INFO] PluginManager:220 - loadIPPluginJar : add tsc
2025-09-30 18:47:41,364 [INFO] IPUIPlugin:80 - create IPUIPlugin
2025-09-30 18:47:41,364 [INFO] PluginManager:220 - loadIPPluginJar : add ucpd
2025-09-30 18:47:41,434 [INFO] IPUIPlugin:80 - create IPUIPlugin
2025-09-30 18:47:41,434 [INFO] PluginManager:220 - loadIPPluginJar : add usart
2025-09-30 18:47:41,496 [INFO] IPUIPlugin:80 - create IPUIPlugin
2025-09-30 18:47:41,497 [INFO] PluginManager:220 - loadIPPluginJar : add usbx
2025-09-30 18:47:41,624 [FATAL] Updater:351 - Updater called before beeing initialized
2025-09-30 18:47:41,650 [INFO] RulesReader:64 - Compatibility file has been processed (317 Rules)
2025-09-30 18:47:41,662 [INFO] RulesReader:64 - Compatibility file has been processed (317 Rules)
2025-09-30 18:47:41,672 [INFO] CADModel:165 - CPN selected for project level
2025-09-30 18:47:41,672 [INFO] CADModel:114 - Register for checkConnection events
2025-09-30 18:47:41,672 [FATAL] Updater:351 - Updater called before beeing initialized
2025-09-30 18:47:41,672 [ERROR] CADModel:125 - Updater not yet initialized, retry later 
2025-09-30 18:47:41,835 [FATAL] Updater:351 - Updater called before beeing initialized
2025-09-30 18:47:41,838 [INFO] CADModel:165 - CPN selected for project level
2025-09-30 18:47:41,838 [INFO] CADModel:114 - Register for checkConnection events
2025-09-30 18:47:41,838 [FATAL] Updater:351 - Updater called before beeing initialized
2025-09-30 18:47:41,838 [ERROR] CADModel:125 - Updater not yet initialized, retry later 
2025-09-30 18:47:41,842 [FATAL] Updater:351 - Updater called before beeing initialized
2025-09-30 18:47:41,954 [FATAL] Updater:351 - Updater called before beeing initialized
2025-09-30 18:47:41,967 [INFO] DbMcusAds:53 - JSON generation date=Tue Jul 08 10:14:23 CEST 2025 (1751962463582)
2025-09-30 18:47:41,967 [FATAL] Updater:351 - Updater called before beeing initialized
2025-09-30 18:47:42,067 [WARN] DetailPanel:346 - Failed to get advertising image, set to default
2025-09-30 18:47:42,178 [FATAL] Updater:351 - Updater called before beeing initialized
2025-09-30 18:47:42,180 [FATAL] Updater:351 - Updater called before beeing initialized
2025-09-30 18:47:42,180 [FATAL] Updater:351 - Updater called before beeing initialized
2025-09-30 18:47:42,180 [WARN] DetailPanel:346 - Failed to get advertising image, set to default
2025-09-30 18:47:42,181 [FATAL] Updater:351 - Updater called before beeing initialized
2025-09-30 18:47:42,238 [ERROR] Updater:1198 - MainUpdater not yet initialized. External WinMGr cannot be set.
2025-09-30 18:47:42,250 [INFO] Updater:1134 - Updater Version found : 6.15.0
2025-09-30 18:47:42,264 [INFO] ApplicationProperties:184 - Using Application install path: M:\embedded\IDE\STM32CubeIDE_1.19.0\STM32CubeIDE\plugins\com.st.stm32cube.common.mx_6.15.0.202507011659
2025-09-30 18:47:43,854 [ERROR] LogOutputStream:75 - [STDERR_REDIRECT] Sep 30, 2025 6:47:43 PM java.util.prefs.WindowsPreferences <init>
2025-09-30 18:47:43,856 [ERROR] LogOutputStream:75 - [STDERR_REDIRECT] WARNING: Could not open/create prefs root node Software\JavaSoft\Prefs at root 0xffffffff80000002. Windows RegCreateKeyEx(...) returned error code 5.
2025-09-30 18:47:43,856 [ERROR] LogOutputStream:75 - [STDERR_REDIRECT] 
2025-09-30 18:47:44,232 [INFO] ThirdPartyUpdaterWithRetryManager:70 - Updater plugin not ready yet. [3/15]
2025-09-30 18:47:44,245 [INFO] MainUpdater:2872 - connection check result : 10
2025-09-30 18:47:44,245 [INFO] MainUpdater:289 - Updater Check For Update Now.
2025-09-30 18:47:44,245 [INFO] MicroXplorer:498 - Change Database Version : DB.6.0.150
2025-09-30 18:47:44,261 [INFO] McuFinderGlobals:63 - Set McuFinder mode to 2 (CubeIDE integrated)
2025-09-30 18:47:44,261 [INFO] UserAuth:171 - activating auth plugin
2025-09-30 18:47:44,264 [INFO] UserAuth:487 - Internet connection configuration mode: 1
2025-09-30 18:47:44,298 [INFO] JxBrowserEngine:152 - Initiate JxBrowser Engine with user profile folder
2025-09-30 18:47:44,463 [INFO] CheckServerUpdateThread:120 - End of CheckServer Thread
2025-09-30 18:47:46,416 [INFO] WebApp:169 - Instantiating new browser for Auth
2025-09-30 18:47:47,098 [INFO] WebApp:463 - Apply proxy settings
2025-09-30 18:47:47,099 [INFO] WebApp:548 - Chromium requires no authentication
2025-09-30 18:47:47,111 [INFO] WebApp:491 - Direct internet connection detected
2025-09-30 18:47:47,143 [INFO] WebApp:900 - Register for checkConnection events
2025-09-30 18:47:47,144 [INFO] WebApp:463 - Apply proxy settings
2025-09-30 18:47:47,144 [INFO] WebApp:548 - Chromium requires no authentication
2025-09-30 18:47:47,147 [INFO] WebApp:491 - Direct internet connection detected
2025-09-30 18:47:47,370 [INFO] WebApp:225 - Starting web application
2025-09-30 18:47:47,371 [INFO] WebApp:593 - Web application path used M:\embedded\IDE\STM32CubeIDE_1.19.0\STM32CubeIDE\plugins\com.st.stm32cube.common.mx_6.15.0.202507011659\db\plugins\mcufinder\reactClient1\index.html
2025-09-30 18:47:47,585 [INFO] WebApp:191 - Connection restablished
2025-09-30 18:47:47,836 [WARN] PackLoader:240 - Cannot read IP mode file for STMicroelectronics.FP-SNS-MOTENVWB1.1.4.0
2025-09-30 18:47:47,879 [WARN] PackLoader:240 - Cannot read IP mode file for STMicroelectronics.FP-ATR-ASTRA1.2.0.2
2025-09-30 18:47:47,903 [WARN] PackLoader:240 - Cannot read IP mode file for STMicroelectronics.X-CUBE-SMBUS.2.1.0
2025-09-30 18:47:47,936 [WARN] PackLoader:240 - Cannot read IP mode file for STMicroelectronics.X-CUBE-ST60.1.0.0
2025-09-30 18:47:48,000 [WARN] PackLoader:240 - Cannot read IP mode file for STMicroelectronics.X-CUBE-AZRTOS-F7.1.1.0
2025-09-30 18:47:48,042 [WARN] PackLoader:240 - Cannot read IP mode file for WES.I-CUBE-Cesium.1.4.0
2025-09-30 18:47:48,101 [WARN] PackLoader:240 - Cannot read IP mode file for Infineon.AIROC-Wi-Fi-Bluetooth-STM32.1.7.1
2025-09-30 18:47:48,186 [WARN] PackLoader:240 - Cannot read IP mode file for STMicroelectronics.X-CUBE-AZRTOS-H7.3.4.0
2025-09-30 18:47:48,238 [WARN] PackLoader:240 - Cannot read IP mode file for STMicroelectronics.X-CUBE-DISPLAY.3.0.0
2025-09-30 18:47:48,289 [WARN] PackLoader:240 - Cannot read IP mode file for STMicroelectronics.X-CUBE-NFC10.1.0.0
2025-09-30 18:47:48,322 [WARN] PackLoader:240 - Cannot read IP mode file for emotas.I-CUBE-CANOPEN.1.3.0
2025-09-30 18:47:48,361 [WARN] PackLoader:240 - Cannot read IP mode file for STMicroelectronics.FP-SNS-STBOX1.2.1.0
2025-09-30 18:47:48,383 [WARN] PackLoader:240 - Cannot read IP mode file for STMicroelectronics.FP-SNS-SMARTAG2.1.2.0
2025-09-30 18:47:48,412 [WARN] PackLoader:240 - Cannot read IP mode file for STMicroelectronics.FP-SNS-FLIGHT1.5.1.0
2025-09-30 18:47:48,446 [INFO] LogOutputStream:77 - [STDOUT_REDIRECT] 1 : Invalid condition id : UX_CORESTACK_Condition cause : null
2025-09-30 18:47:48,447 [INFO] LogOutputStream:77 - [STDOUT_REDIRECT] 1 : Invalid condition id : UX_CORESTACK_Condition cause : null
2025-09-30 18:47:48,449 [INFO] LogOutputStream:77 - [STDOUT_REDIRECT] 1 : Invalid condition id : UX_CORESTACK_Condition cause : null
2025-09-30 18:47:48,450 [INFO] LogOutputStream:77 - [STDOUT_REDIRECT] 1 : Invalid condition id : UX_CORESTACK_Condition cause : null
2025-09-30 18:47:48,450 [INFO] LogOutputStream:77 - [STDOUT_REDIRECT] 1 : Invalid condition id : UX_CORESTACK_Condition cause : null
2025-09-30 18:47:48,453 [WARN] PackLoader:240 - Cannot read IP mode file for STMicroelectronics.X-CUBE-AZRTOS-WL.2.0.0
2025-09-30 18:47:48,482 [WARN] PackLoader:240 - Cannot read IP mode file for STMicroelectronics.FP-SNS-MOTENV1.5.0.0
2025-09-30 18:47:48,511 [WARN] PackLoader:240 - Cannot read IP mode file for STMicroelectronics.X-CUBE-BLE2.3.3.0
2025-09-30 18:47:48,544 [WARN] PackLoader:240 - Cannot read IP mode file for STMicroelectronics.X-CUBE-NFC9.1.0.0
2025-09-30 18:47:48,571 [WARN] PackLoader:240 - Cannot read IP mode file for wolfSSL.I-CUBE-wolfSSL.5.8.2
2025-09-30 18:47:48,594 [WARN] PackLoader:240 - Cannot read IP mode file for STMicroelectronics.X-CUBE-BLE1.7.1.0
2025-09-30 18:47:48,631 [WARN] PackLoader:240 - Cannot read IP mode file for wolfSSL.I-CUBE-wolfMQTT.1.19.2
2025-09-30 18:47:48,651 [WARN] PackLoader:240 - Cannot read IP mode file for STMicroelectronics.X-CUBE-EEPRMA1.5.2.0
2025-09-30 18:47:48,688 [WARN] PackLoader:240 - Cannot read IP mode file for STMicroelectronics.X-CUBE-AZRTOS-G0.1.1.0
2025-09-30 18:47:48,717 [WARN] PackLoader:240 - Cannot read IP mode file for STMicroelectronics.X-CUBE-SAFEA1.1.2.2
2025-09-30 18:47:48,744 [WARN] PackLoader:240 - Cannot read IP mode file for STMicroelectronics.X-CUBE-NFC4.3.0.0
2025-09-30 18:47:48,778 [WARN] PackLoader:240 - Cannot read IP mode file for EmbeddedOffice.I-CUBE-FS-RTOS.1.0.1
2025-09-30 18:47:48,800 [WARN] PackLoader:240 - Cannot read IP mode file for STMicroelectronics.X-CUBE-WB05N.2.0.0
2025-09-30 18:47:48,820 [WARN] PackLoader:240 - Cannot read IP mode file for wolfSSL.I-CUBE-wolfTPM.3.8.0
2025-09-30 18:47:48,843 [WARN] PackLoader:240 - Cannot read IP mode file for STMicroelectronics.X-CUBE-TCPP.4.2.0
2025-09-30 18:47:48,865 [WARN] PackLoader:240 - Cannot read IP mode file for RealThread.X-CUBE-RT-Thread_Nano.4.1.1
2025-09-30 18:47:48,885 [WARN] PackLoader:240 - Cannot read IP mode file for STMicroelectronics.FP-ATR-SIGFOX1.3.2.0
2025-09-30 18:47:48,904 [WARN] PackLoader:240 - Cannot read IP mode file for ITTIA_DB.I-CUBE-ITTIADB.8.9.0
2025-09-30 18:47:48,926 [WARN] PackLoader:240 - Cannot read IP mode file for STMicroelectronics.X-CUBE-ST67W61.1.0.0
2025-09-30 18:47:48,947 [WARN] PackLoader:240 - Cannot read IP mode file for STMicroelectronics.X-CUBE-AI.10.2.0
2025-09-30 18:47:48,984 [WARN] PackLoader:240 - Cannot read IP mode file for SEGGER.I-CUBE-embOS.1.3.1
2025-09-30 18:47:49,047 [WARN] PackLoader:240 - Cannot read IP mode file for STMicroelectronics.X-CUBE-ALGOBUILD.1.4.0
2025-09-30 18:47:49,127 [WARN] PackLoader:240 - Cannot read IP mode file for STMicroelectronics.X-CUBE-MEMS1.11.3.0
2025-09-30 18:47:49,368 [WARN] PackLoader:240 - Cannot read IP mode file for STMicroelectronics.X-CUBE-PM33A1.1.0.0
2025-09-30 18:47:49,421 [WARN] PackLoader:240 - Cannot read IP mode file for STMicroelectronics.X-CUBE-AZRTOS-F4.1.1.0
2025-09-30 18:47:49,450 [WARN] PackLoader:240 - Cannot read IP mode file for Avnet-IotConnect.X-CUBE-IoTC-DA16k-PMOD.1.0.0
2025-09-30 18:47:49,474 [WARN] PackLoader:240 - Cannot read IP mode file for STMicroelectronics.X-CUBE-ISPU.2.1.0
2025-09-30 18:47:49,500 [WARN] PackLoader:240 - Cannot read IP mode file for STMicroelectronics.X-CUBE-NFC12.1.0.0
2025-09-30 18:47:49,536 [WARN] PackLoader:240 - Cannot read IP mode file for STMicroelectronics.X-CUBE-AZRTOS-L5.2.0.0
2025-09-30 18:47:49,564 [WARN] PackLoader:240 - Cannot read IP mode file for STMicroelectronics.X-CUBE-NFC6.3.1.0
2025-09-30 18:47:49,587 [WARN] PackLoader:240 - Cannot read IP mode file for STMicroelectronics.X-CUBE-FREERTOS.1.3.1
2025-09-30 18:47:49,605 [WARN] PackLoader:240 - Cannot read IP mode file for STMicroelectronics.FP-SNS-STAIOTCFT.1.0.0
2025-09-30 18:47:49,627 [WARN] PackLoader:240 - Cannot read IP mode file for STMicroelectronics.X-CUBE-DPower.1.3.0
2025-09-30 18:47:49,666 [WARN] ConditionMgr:438 - getConditionDescription Invalid condition id : LAN8742 Phy interface Condition cause : null
2025-09-30 18:47:49,666 [WARN] PackLoader:240 - Cannot read IP mode file for STMicroelectronics.X-CUBE-AZRTOS-L4.2.0.0
2025-09-30 18:47:49,667 [WARN] ConditionMgr:1044 - genDependencies : Invalid condition id : LAN8742 Phy interface Condition cause : null
2025-09-30 18:47:49,667 [WARN] ConditionMgr:1044 - genDependencies : Invalid condition id : LAN8742 Phy interface Condition cause : null
2025-09-30 18:47:49,669 [WARN] ConditionMgr:1044 - genDependencies : Invalid condition id : LAN8742 Phy interface Condition cause : null
2025-09-30 18:47:49,692 [WARN] PackLoader:240 - Cannot read IP mode file for STMicroelectronics.X-CUBE-SFXS2LP1.4.0.0
2025-09-30 18:47:49,716 [WARN] PackLoader:240 - Cannot read IP mode file for STMicroelectronics.X-CUBE-BLEMGR.4.1.0
2025-09-30 18:47:49,746 [WARN] ConditionMgr:438 - getConditionDescription Invalid condition id : UX DEVICE CLASS RTOS Condition cause : null
2025-09-30 18:47:49,747 [WARN] ConditionMgr:438 - getConditionDescription Invalid condition id : UX DEVICE CLASS RTOS Condition cause : null
2025-09-30 18:47:49,747 [WARN] PackLoader:240 - Cannot read IP mode file for STMicroelectronics.X-CUBE-AZRTOS-WB.2.0.0
2025-09-30 18:47:49,747 [WARN] ConditionMgr:1044 - genDependencies : Invalid condition id : UX DEVICE CLASS RTOS Condition cause : null
2025-09-30 18:47:49,747 [WARN] ConditionMgr:1044 - genDependencies : Invalid condition id : UX DEVICE CLASS RTOS Condition cause : null
2025-09-30 18:47:49,749 [WARN] ConditionMgr:1044 - genDependencies : Invalid condition id : UX DEVICE CLASS RTOS Condition cause : null
2025-09-30 18:47:49,749 [WARN] ConditionMgr:1044 - genDependencies : Invalid condition id : UX DEVICE CLASS RTOS Condition cause : null
2025-09-30 18:47:49,749 [WARN] ConditionMgr:1044 - genDependencies : Invalid condition id : UX DEVICE CLASS RTOS Condition cause : null
2025-09-30 18:47:49,766 [WARN] PackLoader:240 - Cannot read IP mode file for STMicroelectronics.X-CUBE-GNSS1.7.0.1
2025-09-30 18:47:49,786 [WARN] PackLoader:240 - Cannot read IP mode file for STMicroelectronics.X-CUBE-TOUCHGFX.4.25.0
2025-09-30 18:47:49,802 [WARN] ConditionMgr:438 - getConditionDescription Invalid condition id : Cortex-A Device cause : null
2025-09-30 18:47:49,847 [WARN] ConditionMgr:1044 - genDependencies : Invalid condition id : Cortex-A Device cause : null
2025-09-30 18:47:49,847 [WARN] ConditionMgr:1044 - genDependencies : Invalid condition id : Cortex-A Device cause : null
2025-09-30 18:47:49,849 [WARN] ConditionMgr:1044 - genDependencies : Invalid condition id : Cortex-A Device cause : null
2025-09-30 18:47:49,874 [WARN] PackLoader:240 - Cannot read IP mode file for STMicroelectronics.X-CUBE-SUBG2.5.0.0
2025-09-30 18:47:49,911 [WARN] PackLoader:240 - Cannot read IP mode file for STMicroelectronics.X-CUBE-AZRTOS-H7RS.1.1.0
2025-09-30 18:47:49,930 [WARN] PackLoader:240 - Cannot read IP mode file for Cesanta.I-CUBE-Mongoose.7.13.0
2025-09-30 18:47:49,961 [WARN] PackLoader:240 - Cannot read IP mode file for STMicroelectronics.X-CUBE-AZRTOS-G4.2.0.0
2025-09-30 18:47:49,983 [WARN] PackLoader:240 - Cannot read IP mode file for wolfSSL.I-CUBE-wolfSSH.1.4.20
2025-09-30 18:47:50,004 [WARN] PackLoader:240 - Cannot read IP mode file for STMicroelectronics.X-CUBE-NFC7.2.0.0
2025-09-30 18:47:50,032 [WARN] PackLoader:240 - Cannot read IP mode file for STMicroelectronics.X-CUBE-IPS.3.1.0
2025-09-30 18:47:50,055 [WARN] PackLoader:240 - Cannot read IP mode file for STMicroelectronics.X-CUBE-ALS.1.0.2
2025-09-30 18:47:50,077 [WARN] PackLoader:240 - Cannot read IP mode file for STMicroelectronics.X-CUBE-STSE01.1.0.0
2025-09-30 18:47:50,103 [WARN] PackLoader:240 - Cannot read IP mode file for STMicroelectronics.X-CUBE-TOF1.3.4.3
2025-09-30 18:47:50,112 [INFO] ThirdParty:978 - Integrity check success = true
2025-09-30 18:47:50,112 [INFO] IntegrityCheckThread:100 - exiting critical section [integrity check]
2025-09-30 18:47:50,112 [INFO] IntegrityCheckThread:103 - End integrity checks thread
