2025-09-15 13:23:40,345 [INFO] Activator:176 - 


2025-09-15 13:23:40,351 [INFO] Activator:177 - !SESSION log4j initialized
2025-09-15 13:23:48,202 [INFO] LogOutputStream:77 - [STDOUT_REDIRECT] 
2025-09-15 13:23:54,984 [INFO] ApplicationProperties:184 - Using Application install path: M:\embedded\IDE\STM32CubeIDE_1.19.0\STM32CubeIDE\plugins\com.st.stm32cube.common.mx_6.15.0.202507011659
2025-09-15 13:23:55,001 [INFO] DbMcusXml:78 - Set database path to: M:\embedded\IDE\STM32CubeIDE_1.19.0\STM32CubeIDE\plugins\com.st.stm32cube.common.mx_6.15.0.202507011659\\db\/mcu/
2025-09-15 13:23:55,002 [INFO] ApiDb:274 - Set plugin database path to: M:\embedded\IDE\STM32CubeIDE_1.19.0\STM32CubeIDE\plugins\com.st.stm32cube.common.mx_6.15.0.202507011659\\db\/plugins/boardmanager/
2025-09-15 13:23:55,002 [WARN] ApiDb:259 - Overriding images path with different value:  => M:\embedded\IDE\STM32CubeIDE_1.19.0\STM32CubeIDE\plugins\com.st.stm32cube.common.mx_6.15.0.202507011659\\db\/plugins/mcufinder/images/
2025-09-15 13:23:55,009 [INFO] ApiDb:250 - Set database path to: C:\Users\NeerW\.stmcufinder\plugins\mcufinder//mcu/
2025-09-15 13:23:55,011 [INFO] DbMcusAds:125 - Set database path to: C:\Users\NeerW\.stmcufinder\plugins\mcufinder//mcu/
2025-09-15 13:23:55,013 [INFO] CrossReferenceDbSqlite:203 - Set database path to: C:\Users\NeerW\.stmcufinder\plugins\mcufinder//mcu/cs/
2025-09-15 13:23:55,141 [INFO] RulesReader:64 - Compatibility file has been processed (317 Rules)
2025-09-15 13:23:55,225 [INFO] DbMcusXml:78 - Set database path to: M:\embedded\IDE\STM32CubeIDE_1.19.0\STM32CubeIDE\plugins\com.st.stm32cube.common.mx_6.15.0.202507011659\\db\/mcu/
2025-09-15 13:23:55,225 [INFO] ApiDb:274 - Set plugin database path to: M:\embedded\IDE\STM32CubeIDE_1.19.0\STM32CubeIDE\plugins\com.st.stm32cube.common.mx_6.15.0.202507011659\\db\/plugins/boardmanager/
2025-09-15 13:23:55,226 [INFO] ApiDb:261 - Set plugin images path to: M:\embedded\IDE\STM32CubeIDE_1.19.0\STM32CubeIDE\plugins\com.st.stm32cube.common.mx_6.15.0.202507011659\\db\/plugins/mcufinder/images/
2025-09-15 13:23:55,226 [WARN] DbFile:41 - Overriding database path with different value: C:\Users\NeerW\.stmcufinder\plugins\mcufinder/ => C:\Users\NeerW\.stmcufinder\plugins\mcufinder
2025-09-15 13:23:55,226 [INFO] ApiDb:250 - Set database path to: C:\Users\NeerW\.stmcufinder\plugins\mcufinder//mcu/
2025-09-15 13:23:55,226 [WARN] DbFile:41 - Overriding database path with different value: C:\Users\NeerW\.stmcufinder\plugins\mcufinder/ => C:\Users\NeerW\.stmcufinder\plugins\mcufinder
2025-09-15 13:23:55,226 [INFO] DbMcusAds:125 - Set database path to: C:\Users\NeerW\.stmcufinder\plugins\mcufinder//mcu/
2025-09-15 13:23:55,226 [WARN] DbFile:41 - Overriding database path with different value: C:\Users\NeerW\.stmcufinder\plugins\mcufinder/ => C:\Users\NeerW\.stmcufinder\plugins\mcufinder
2025-09-15 13:23:55,226 [WARN] DbFile:41 - Overriding database path with different value: C:\Users\NeerW\.stmcufinder\plugins\mcufinder/ => C:\Users\NeerW\.stmcufinder\plugins\mcufinder
2025-09-15 13:23:55,226 [INFO] CrossReferenceDbSqlite:203 - Set database path to: C:\Users\NeerW\.stmcufinder\plugins\mcufinder//mcu/cs/
2025-09-15 13:23:55,299 [INFO] MainPanel:274 - HeapMemory: 268435456
2025-09-15 13:23:55,414 [INFO] DbMcusXml:78 - Set database path to: M:\embedded\IDE\STM32CubeIDE_1.19.0\STM32CubeIDE\plugins\com.st.stm32cube.common.mx_6.15.0.202507011659\\db\/mcu/
2025-09-15 13:23:55,415 [INFO] ApiDb:274 - Set plugin database path to: M:\embedded\IDE\STM32CubeIDE_1.19.0\STM32CubeIDE\plugins\com.st.stm32cube.common.mx_6.15.0.202507011659\\db\/plugins/boardmanager/
2025-09-15 13:23:55,415 [INFO] ApiDb:261 - Set plugin images path to: M:\embedded\IDE\STM32CubeIDE_1.19.0\STM32CubeIDE\plugins\com.st.stm32cube.common.mx_6.15.0.202507011659\\db\/plugins/mcufinder/images/
2025-09-15 13:23:55,415 [WARN] DbFile:41 - Overriding database path with different value: C:\Users\NeerW\.stmcufinder\plugins\mcufinder/ => C:\Users\NeerW\.stmcufinder\plugins\mcufinder
2025-09-15 13:23:55,415 [INFO] ApiDb:250 - Set database path to: C:\Users\NeerW\.stmcufinder\plugins\mcufinder//mcu/
2025-09-15 13:23:55,415 [WARN] DbFile:41 - Overriding database path with different value: C:\Users\NeerW\.stmcufinder\plugins\mcufinder/ => C:\Users\NeerW\.stmcufinder\plugins\mcufinder
2025-09-15 13:23:55,415 [INFO] DbMcusAds:125 - Set database path to: C:\Users\NeerW\.stmcufinder\plugins\mcufinder//mcu/
2025-09-15 13:23:55,416 [WARN] DbFile:41 - Overriding database path with different value: C:\Users\NeerW\.stmcufinder\plugins\mcufinder/ => C:\Users\NeerW\.stmcufinder\plugins\mcufinder
2025-09-15 13:23:55,416 [WARN] DbFile:41 - Overriding database path with different value: C:\Users\NeerW\.stmcufinder\plugins\mcufinder/ => C:\Users\NeerW\.stmcufinder\plugins\mcufinder
2025-09-15 13:23:55,416 [INFO] CrossReferenceDbSqlite:203 - Set database path to: C:\Users\NeerW\.stmcufinder\plugins\mcufinder//mcu/cs/
2025-09-15 13:23:55,436 [INFO] ApplicationProperties:184 - Using Application install path: M:\embedded\IDE\STM32CubeIDE_1.19.0\STM32CubeIDE\plugins\com.st.stm32cube.common.mx_6.15.0.202507011659
2025-09-15 13:23:55,437 [INFO] PluginManage:196 - Search for loadable plugins [exclusion list=, ]
2025-09-15 13:23:55,438 [INFO] PluginManage:310 - Check plugin analytics
2025-09-15 13:24:00,536 [INFO] AnalyticsPlugin:253 - Accepted Software Licenses: 
2025-09-15 13:24:00,536 [INFO] AnalyticsPlugin:255 - Accepted CMSIS Pack Licenses: 
2025-09-15 13:24:00,536 [INFO] AnalyticsPlugin:257 - Accepted Firmware Licenses: 
2025-09-15 13:24:00,538 [INFO] PluginManage:359 - Loaded plugin analytics (category:tool,tabindex:-1)
2025-09-15 13:24:00,539 [INFO] PluginManage:310 - Check plugin cadmodel
2025-09-15 13:24:00,567 [INFO] CADModel:105 - Init CAD model plugin
2025-09-15 13:24:00,567 [INFO] PluginManage:359 - Loaded plugin cadmodel (category:power,tabindex:5)
2025-09-15 13:24:00,567 [INFO] PluginManage:310 - Check plugin clock
2025-09-15 13:24:00,590 [INFO] PluginManage:359 - Loaded plugin clock (category:base,tabindex:2)
2025-09-15 13:24:00,590 [INFO] PluginManage:310 - Check plugin ddr
2025-09-15 13:24:00,592 [INFO] PluginManage:359 - Loaded plugin ddr (category:tool,tabindex:6)
2025-09-15 13:24:00,592 [INFO] PluginManage:310 - Check plugin filemanager
2025-09-15 13:24:00,727 [INFO] PluginManage:359 - Loaded plugin filemanager (category:base,tabindex:10)
2025-09-15 13:24:00,727 [INFO] PluginManage:310 - Check plugin ipmanager
2025-09-15 13:24:00,735 [INFO] PluginManage:359 - Loaded plugin ipmanager (category:base,tabindex:5)
2025-09-15 13:24:00,735 [INFO] PluginManage:310 - Check plugin lpbam
2025-09-15 13:24:00,754 [INFO] PluginManage:359 - Loaded plugin lpbam (category:base,tabindex:0)
2025-09-15 13:24:00,754 [INFO] PluginManage:310 - Check plugin memorymap
2025-09-15 13:24:00,781 [INFO] PluginManage:359 - Loaded plugin memorymap (category:base,tabindex:4)
2025-09-15 13:24:00,781 [INFO] PluginManage:310 - Check plugin pinoutandconfiguration
2025-09-15 13:24:00,801 [INFO] PluginManage:359 - Loaded plugin pinoutandconfiguration (category:base,tabindex:1)
2025-09-15 13:24:00,801 [INFO] PluginManage:310 - Check plugin pinoutconfig
2025-09-15 13:24:00,893 [WARN] SupportedApi:132 - Cannot load RTOS API schema: s4s-elt-must-match.1: The content of 'definitions' must match (annotation?, (simpleType | complexType)?, (unique | key | keyref)*)). A problem was found starting at: attribute.
2025-09-15 13:24:01,009 [INFO] PluginManage:359 - Loaded plugin pinoutconfig (category:base,tabindex:0)
2025-09-15 13:24:01,009 [INFO] PluginManage:310 - Check plugin power
2025-09-15 13:24:01,030 [INFO] PluginManage:359 - Loaded plugin power (category:power,tabindex:4)
2025-09-15 13:24:01,030 [INFO] PluginManage:310 - Check plugin projectmanager
2025-09-15 13:24:01,046 [INFO] PluginManage:359 - Loaded plugin projectmanager (category:projectmanager,tabindex:4)
2025-09-15 13:24:01,046 [INFO] PluginManage:310 - Check plugin rif
2025-09-15 13:24:01,067 [INFO] PluginManage:359 - Loaded plugin rif (category:base,tabindex:3)
2025-09-15 13:24:01,067 [INFO] PluginManage:310 - Check plugin thirdparty
2025-09-15 13:24:01,352 [INFO] PluginManage:359 - Loaded plugin thirdparty (category:base,tabindex:-1)
2025-09-15 13:24:01,352 [WARN] IntegrityCheckThread:84 - waiting for thirdparty lock release [integrity check]
2025-09-15 13:24:01,352 [INFO] PluginManage:310 - Check plugin tools
2025-09-15 13:24:01,352 [INFO] IntegrityCheckThread:86 - entering critical section [integrity check]
2025-09-15 13:24:01,353 [INFO] ThirdPartyUpdaterWithRetryManager:70 - Updater plugin not ready yet. [1/15]
2025-09-15 13:24:01,396 [INFO] PluginManage:359 - Loaded plugin tools (category:base,tabindex:7)
2025-09-15 13:24:01,396 [INFO] PluginManage:310 - Check plugin tutovideos
2025-09-15 13:24:01,602 [INFO] PluginManage:359 - Loaded plugin tutovideos (category:base,tabindex:-1)
2025-09-15 13:24:01,602 [INFO] PluginManage:310 - Check plugin updater
2025-09-15 13:24:01,624 [INFO] PluginManage:359 - Loaded plugin updater (category:base,tabindex:12)
2025-09-15 13:24:01,624 [INFO] PluginManage:310 - Check plugin userauth
2025-09-15 13:24:01,627 [INFO] UserAuth:118 - Init User Auth plugin
2025-09-15 13:24:01,628 [INFO] PluginManage:359 - Loaded plugin userauth (category:base,tabindex:14)
2025-09-15 13:24:01,628 [INFO] PluginManage:283 - PluginManage : Loaded plugins [18]
2025-09-15 13:24:01,832 [INFO] PinOutPanel:1589 - setPackage(No Configuration,No Configuration)
2025-09-15 13:24:01,946 [INFO] CADModel:165 - CPN selected for project level
2025-09-15 13:24:01,946 [INFO] CADModel:114 - Register for checkConnection events
2025-09-15 13:24:01,998 [INFO] IPUIPlugin:80 - create IPUIPlugin
2025-09-15 13:24:01,999 [INFO] PluginManager:220 - loadIPPluginJar : add adc
2025-09-15 13:24:02,047 [INFO] IPUIPlugin:80 - create IPUIPlugin
2025-09-15 13:24:02,048 [INFO] PluginManager:220 - loadIPPluginJar : add aes
2025-09-15 13:24:02,097 [INFO] IPUIPlugin:80 - create IPUIPlugin
2025-09-15 13:24:02,098 [INFO] PluginManager:220 - loadIPPluginJar : add can
2025-09-15 13:24:02,128 [INFO] IPUIPlugin:80 - create IPUIPlugin
2025-09-15 13:24:02,128 [INFO] PluginManager:220 - loadIPPluginJar : add comp
2025-09-15 13:24:02,165 [INFO] IPUIPlugin:80 - create IPUIPlugin
2025-09-15 13:24:02,165 [INFO] PluginManager:220 - loadIPPluginJar : add cryp
2025-09-15 13:24:02,179 [INFO] IPUIPlugin:80 - create IPUIPlugin
2025-09-15 13:24:02,179 [INFO] PluginManager:220 - loadIPPluginJar : add ddr_ctrl_phy
2025-09-15 13:24:02,213 [INFO] IPUIPlugin:80 - create IPUIPlugin
2025-09-15 13:24:02,213 [INFO] PluginManager:220 - loadIPPluginJar : add dfsdm
2025-09-15 13:24:02,234 [INFO] IPUIPlugin:80 - create IPUIPlugin
2025-09-15 13:24:02,234 [INFO] PluginManager:220 - loadIPPluginJar : add dma
2025-09-15 13:24:02,290 [INFO] IPUIPlugin:80 - create IPUIPlugin
2025-09-15 13:24:02,290 [INFO] PluginManager:220 - loadIPPluginJar : add dma3
2025-09-15 13:24:02,343 [INFO] IPUIPlugin:80 - create IPUIPlugin
2025-09-15 13:24:02,344 [INFO] PluginManager:220 - loadIPPluginJar : add extmemmanager
2025-09-15 13:24:02,371 [INFO] IPUIPlugin:80 - create IPUIPlugin
2025-09-15 13:24:02,371 [INFO] PluginManager:220 - loadIPPluginJar : add fatfs
2025-09-15 13:24:02,427 [INFO] IPUIPlugin:80 - create IPUIPlugin
2025-09-15 13:24:02,428 [INFO] PluginManager:220 - loadIPPluginJar : add fmc
2025-09-15 13:24:02,447 [INFO] IPUIPlugin:80 - create IPUIPlugin
2025-09-15 13:24:02,447 [INFO] PluginManager:220 - loadIPPluginJar : add freertos
2025-09-15 13:24:02,479 [INFO] IPUIPlugin:80 - create IPUIPlugin
2025-09-15 13:24:02,479 [INFO] PluginManager:220 - loadIPPluginJar : add genericplugin
2025-09-15 13:24:02,592 [INFO] IPUIPlugin:80 - create IPUIPlugin
2025-09-15 13:24:02,592 [INFO] PluginManager:220 - loadIPPluginJar : add gfxmmu
2025-09-15 13:24:02,731 [INFO] IPUIPlugin:80 - create IPUIPlugin
2025-09-15 13:24:02,731 [INFO] PluginManager:220 - loadIPPluginJar : add gic
2025-09-15 13:24:02,747 [INFO] IPUIPlugin:80 - create IPUIPlugin
2025-09-15 13:24:02,747 [INFO] PluginManager:220 - loadIPPluginJar : add gpio
2025-09-15 13:24:02,858 [INFO] IPUIPlugin:80 - create IPUIPlugin
2025-09-15 13:24:02,858 [INFO] PluginManager:220 - loadIPPluginJar : add gtzc
2025-09-15 13:24:02,895 [INFO] IPUIPlugin:80 - create IPUIPlugin
2025-09-15 13:24:02,895 [INFO] PluginManager:220 - loadIPPluginJar : add hash
2025-09-15 13:24:02,956 [INFO] IPUIPlugin:80 - create IPUIPlugin
2025-09-15 13:24:02,956 [INFO] PluginManager:220 - loadIPPluginJar : add i2c
2025-09-15 13:24:03,000 [INFO] IPUIPlugin:80 - create IPUIPlugin
2025-09-15 13:24:03,000 [INFO] PluginManager:220 - loadIPPluginJar : add i2s
2025-09-15 13:24:03,047 [INFO] IPUIPlugin:80 - create IPUIPlugin
2025-09-15 13:24:03,047 [INFO] PluginManager:220 - loadIPPluginJar : add i3c
2025-09-15 13:24:03,156 [INFO] IPUIPlugin:80 - create IPUIPlugin
2025-09-15 13:24:03,157 [INFO] PluginManager:220 - loadIPPluginJar : add ipddr
2025-09-15 13:24:03,246 [INFO] IPUIPlugin:80 - create IPUIPlugin
2025-09-15 13:24:03,247 [INFO] PluginManager:220 - loadIPPluginJar : add linkedlist
2025-09-15 13:24:03,284 [INFO] IPUIPlugin:80 - create IPUIPlugin
2025-09-15 13:24:03,284 [INFO] PluginManager:220 - loadIPPluginJar : add lorawan
2025-09-15 13:24:03,320 [INFO] IPUIPlugin:80 - create IPUIPlugin
2025-09-15 13:24:03,320 [INFO] PluginManager:220 - loadIPPluginJar : add ltdc
2025-09-15 13:24:03,335 [INFO] IPUIPlugin:80 - create IPUIPlugin
2025-09-15 13:24:03,335 [INFO] PluginManager:220 - loadIPPluginJar : add mdma
2025-09-15 13:24:03,349 [INFO] IPUIPlugin:80 - create IPUIPlugin
2025-09-15 13:24:03,349 [INFO] PluginManager:220 - loadIPPluginJar : add nvic
2025-09-15 13:24:03,390 [INFO] IPUIPlugin:80 - create IPUIPlugin
2025-09-15 13:24:03,390 [INFO] PluginManager:220 - loadIPPluginJar : add opamp
2025-09-15 13:24:03,451 [INFO] IPUIPlugin:80 - create IPUIPlugin
2025-09-15 13:24:03,451 [INFO] PluginManager:220 - loadIPPluginJar : add openamp
2025-09-15 13:24:03,499 [INFO] IPUIPlugin:80 - create IPUIPlugin
2025-09-15 13:24:03,499 [INFO] PluginManager:220 - loadIPPluginJar : add pdm2pcm
2025-09-15 13:24:03,514 [INFO] IPUIPlugin:80 - create IPUIPlugin
2025-09-15 13:24:03,516 [INFO] PluginManager:220 - loadIPPluginJar : add plateformsettings
2025-09-15 13:24:03,542 [INFO] IPUIPlugin:80 - create IPUIPlugin
2025-09-15 13:24:03,542 [INFO] PluginManager:220 - loadIPPluginJar : add quadspi
2025-09-15 13:24:03,571 [INFO] IPUIPlugin:80 - create IPUIPlugin
2025-09-15 13:24:03,571 [INFO] PluginManager:220 - loadIPPluginJar : add radio
2025-09-15 13:24:03,585 [INFO] IPUIPlugin:80 - create IPUIPlugin
2025-09-15 13:24:03,585 [INFO] PluginManager:220 - loadIPPluginJar : add resmgrutility
2025-09-15 13:24:03,634 [INFO] IPUIPlugin:80 - create IPUIPlugin
2025-09-15 13:24:03,634 [INFO] PluginManager:220 - loadIPPluginJar : add sai
2025-09-15 13:24:03,672 [INFO] IPUIPlugin:80 - create IPUIPlugin
2025-09-15 13:24:03,672 [INFO] PluginManager:220 - loadIPPluginJar : add spi
2025-09-15 13:24:03,751 [INFO] IPUIPlugin:80 - create IPUIPlugin
2025-09-15 13:24:03,751 [INFO] PluginManager:220 - loadIPPluginJar : add stm32_wpan
2025-09-15 13:24:03,781 [INFO] IPUIPlugin:80 - create IPUIPlugin
2025-09-15 13:24:03,781 [INFO] PluginManager:220 - loadIPPluginJar : add tim
2025-09-15 13:24:03,847 [INFO] IPUIPlugin:80 - create IPUIPlugin
2025-09-15 13:24:03,847 [INFO] PluginManager:220 - loadIPPluginJar : add touchsensing
2025-09-15 13:24:03,874 [INFO] IPUIPlugin:80 - create IPUIPlugin
2025-09-15 13:24:03,874 [INFO] PluginManager:220 - loadIPPluginJar : add tracer_emb
2025-09-15 13:24:03,905 [INFO] IPUIPlugin:80 - create IPUIPlugin
2025-09-15 13:24:03,905 [INFO] PluginManager:220 - loadIPPluginJar : add ts
2025-09-15 13:24:03,933 [INFO] IPUIPlugin:80 - create IPUIPlugin
2025-09-15 13:24:03,933 [INFO] PluginManager:220 - loadIPPluginJar : add tsc
2025-09-15 13:24:03,959 [INFO] IPUIPlugin:80 - create IPUIPlugin
2025-09-15 13:24:03,959 [INFO] PluginManager:220 - loadIPPluginJar : add ucpd
2025-09-15 13:24:04,004 [INFO] IPUIPlugin:80 - create IPUIPlugin
2025-09-15 13:24:04,004 [INFO] PluginManager:220 - loadIPPluginJar : add usart
2025-09-15 13:24:04,059 [INFO] IPUIPlugin:80 - create IPUIPlugin
2025-09-15 13:24:04,059 [INFO] PluginManager:220 - loadIPPluginJar : add usbx
2025-09-15 13:24:04,182 [FATAL] Updater:351 - Updater called before beeing initialized
2025-09-15 13:24:04,205 [INFO] RulesReader:64 - Compatibility file has been processed (317 Rules)
2025-09-15 13:24:04,216 [INFO] RulesReader:64 - Compatibility file has been processed (317 Rules)
2025-09-15 13:24:04,226 [INFO] CADModel:165 - CPN selected for project level
2025-09-15 13:24:04,227 [INFO] CADModel:114 - Register for checkConnection events
2025-09-15 13:24:04,227 [FATAL] Updater:351 - Updater called before beeing initialized
2025-09-15 13:24:04,227 [ERROR] CADModel:125 - Updater not yet initialized, retry later 
2025-09-15 13:24:04,353 [INFO] ThirdPartyUpdaterWithRetryManager:70 - Updater plugin not ready yet. [2/15]
2025-09-15 13:24:04,403 [FATAL] Updater:351 - Updater called before beeing initialized
2025-09-15 13:24:04,405 [INFO] CADModel:165 - CPN selected for project level
2025-09-15 13:24:04,405 [INFO] CADModel:114 - Register for checkConnection events
2025-09-15 13:24:04,405 [FATAL] Updater:351 - Updater called before beeing initialized
2025-09-15 13:24:04,405 [ERROR] CADModel:125 - Updater not yet initialized, retry later 
2025-09-15 13:24:04,408 [FATAL] Updater:351 - Updater called before beeing initialized
2025-09-15 13:24:04,509 [FATAL] Updater:351 - Updater called before beeing initialized
2025-09-15 13:24:04,520 [INFO] DbMcusAds:53 - JSON generation date=Tue Jul 08 10:14:23 CEST 2025 (1751962463582)
2025-09-15 13:24:04,521 [FATAL] Updater:351 - Updater called before beeing initialized
2025-09-15 13:24:04,605 [WARN] DetailPanel:346 - Failed to get advertising image, set to default
2025-09-15 13:24:04,695 [FATAL] Updater:351 - Updater called before beeing initialized
2025-09-15 13:24:04,697 [FATAL] Updater:351 - Updater called before beeing initialized
2025-09-15 13:24:04,697 [FATAL] Updater:351 - Updater called before beeing initialized
2025-09-15 13:24:04,698 [WARN] DetailPanel:346 - Failed to get advertising image, set to default
2025-09-15 13:24:04,699 [FATAL] Updater:351 - Updater called before beeing initialized
2025-09-15 13:24:04,789 [ERROR] Updater:1198 - MainUpdater not yet initialized. External WinMGr cannot be set.
2025-09-15 13:24:04,802 [INFO] Updater:1134 - Updater Version found : 6.15.0
2025-09-15 13:24:04,816 [INFO] ApplicationProperties:184 - Using Application install path: M:\embedded\IDE\STM32CubeIDE_1.19.0\STM32CubeIDE\plugins\com.st.stm32cube.common.mx_6.15.0.202507011659
2025-09-15 13:24:06,401 [ERROR] LogOutputStream:75 - [STDERR_REDIRECT] Sep 15, 2025 1:24:06 PM java.util.prefs.WindowsPreferences <init>
2025-09-15 13:24:06,403 [ERROR] LogOutputStream:75 - [STDERR_REDIRECT] WARNING: Could not open/create prefs root node Software\JavaSoft\Prefs at root 0xffffffff80000002. Windows RegCreateKeyEx(...) returned error code 5.
2025-09-15 13:24:06,403 [ERROR] LogOutputStream:75 - [STDERR_REDIRECT] 
2025-09-15 13:24:06,788 [INFO] MainUpdater:2872 - connection check result : 10
2025-09-15 13:24:06,789 [INFO] MainUpdater:289 - Updater Check For Update Now.
2025-09-15 13:24:06,789 [INFO] MicroXplorer:498 - Change Database Version : DB.6.0.150
2025-09-15 13:24:06,805 [INFO] McuFinderGlobals:63 - Set McuFinder mode to 2 (CubeIDE integrated)
2025-09-15 13:24:06,806 [INFO] UserAuth:171 - activating auth plugin
2025-09-15 13:24:06,809 [INFO] UserAuth:487 - Internet connection configuration mode: 1
2025-09-15 13:24:06,846 [INFO] JxBrowserEngine:152 - Initiate JxBrowser Engine with user profile folder
2025-09-15 13:24:07,017 [INFO] CheckServerUpdateThread:120 - End of CheckServer Thread
2025-09-15 13:24:07,788 [WARN] PackLoader:240 - Cannot read IP mode file for STMicroelectronics.FP-SNS-MOTENVWB1.1.4.0
2025-09-15 13:24:07,807 [WARN] PackLoader:240 - Cannot read IP mode file for STMicroelectronics.FP-ATR-ASTRA1.2.0.2
2025-09-15 13:24:07,886 [WARN] PackLoader:240 - Cannot read IP mode file for STMicroelectronics.X-CUBE-SMBUS.2.1.0
2025-09-15 13:24:08,371 [WARN] PackLoader:240 - Cannot read IP mode file for STMicroelectronics.X-CUBE-ST60.1.0.0
2025-09-15 13:24:08,412 [WARN] PackLoader:240 - Cannot read IP mode file for STMicroelectronics.X-CUBE-AZRTOS-F7.1.1.0
2025-09-15 13:24:08,437 [WARN] PackLoader:240 - Cannot read IP mode file for WES.I-CUBE-Cesium.1.4.0
2025-09-15 13:24:08,473 [WARN] PackLoader:240 - Cannot read IP mode file for Infineon.AIROC-Wi-Fi-Bluetooth-STM32.1.7.1
2025-09-15 13:24:08,515 [WARN] PackLoader:240 - Cannot read IP mode file for STMicroelectronics.X-CUBE-AZRTOS-H7.3.4.0
2025-09-15 13:24:08,538 [WARN] PackLoader:240 - Cannot read IP mode file for STMicroelectronics.X-CUBE-DISPLAY.3.0.0
2025-09-15 13:24:08,567 [WARN] PackLoader:240 - Cannot read IP mode file for STMicroelectronics.X-CUBE-NFC10.1.0.0
2025-09-15 13:24:08,587 [WARN] PackLoader:240 - Cannot read IP mode file for emotas.I-CUBE-CANOPEN.1.3.0
2025-09-15 13:24:08,606 [WARN] PackLoader:240 - Cannot read IP mode file for STMicroelectronics.FP-SNS-STBOX1.2.1.0
2025-09-15 13:24:08,624 [WARN] PackLoader:240 - Cannot read IP mode file for STMicroelectronics.FP-SNS-SMARTAG2.1.2.0
2025-09-15 13:24:08,640 [WARN] PackLoader:240 - Cannot read IP mode file for STMicroelectronics.FP-SNS-FLIGHT1.5.1.0
2025-09-15 13:24:08,662 [INFO] LogOutputStream:77 - [STDOUT_REDIRECT] 1 : Invalid condition id : UX_CORESTACK_Condition cause : null
2025-09-15 13:24:08,663 [INFO] LogOutputStream:77 - [STDOUT_REDIRECT] 1 : Invalid condition id : UX_CORESTACK_Condition cause : null
2025-09-15 13:24:08,665 [INFO] LogOutputStream:77 - [STDOUT_REDIRECT] 1 : Invalid condition id : UX_CORESTACK_Condition cause : null
2025-09-15 13:24:08,667 [INFO] LogOutputStream:77 - [STDOUT_REDIRECT] 1 : Invalid condition id : UX_CORESTACK_Condition cause : null
2025-09-15 13:24:08,668 [INFO] LogOutputStream:77 - [STDOUT_REDIRECT] 1 : Invalid condition id : UX_CORESTACK_Condition cause : null
2025-09-15 13:24:08,670 [WARN] PackLoader:240 - Cannot read IP mode file for STMicroelectronics.X-CUBE-AZRTOS-WL.2.0.0
2025-09-15 13:24:08,699 [WARN] PackLoader:240 - Cannot read IP mode file for STMicroelectronics.FP-SNS-MOTENV1.5.0.0
2025-09-15 13:24:08,730 [WARN] PackLoader:240 - Cannot read IP mode file for STMicroelectronics.X-CUBE-BLE2.3.3.0
2025-09-15 13:24:08,812 [WARN] PackLoader:240 - Cannot read IP mode file for STMicroelectronics.X-CUBE-NFC9.1.0.0
2025-09-15 13:24:08,828 [WARN] PackLoader:240 - Cannot read IP mode file for wolfSSL.I-CUBE-wolfSSL.5.8.2
2025-09-15 13:24:08,844 [WARN] PackLoader:240 - Cannot read IP mode file for STMicroelectronics.X-CUBE-BLE1.7.1.0
2025-09-15 13:24:08,856 [WARN] PackLoader:240 - Cannot read IP mode file for wolfSSL.I-CUBE-wolfMQTT.1.19.2
2025-09-15 13:24:08,880 [WARN] PackLoader:240 - Cannot read IP mode file for STMicroelectronics.X-CUBE-EEPRMA1.5.2.0
2025-09-15 13:24:08,923 [WARN] PackLoader:240 - Cannot read IP mode file for STMicroelectronics.X-CUBE-AZRTOS-G0.1.1.0
2025-09-15 13:24:08,946 [WARN] PackLoader:240 - Cannot read IP mode file for STMicroelectronics.X-CUBE-SAFEA1.1.2.2
2025-09-15 13:24:08,971 [WARN] PackLoader:240 - Cannot read IP mode file for STMicroelectronics.X-CUBE-NFC4.3.0.0
2025-09-15 13:24:08,991 [WARN] PackLoader:240 - Cannot read IP mode file for EmbeddedOffice.I-CUBE-FS-RTOS.1.0.1
2025-09-15 13:24:09,009 [WARN] PackLoader:240 - Cannot read IP mode file for STMicroelectronics.X-CUBE-WB05N.2.0.0
2025-09-15 13:24:09,024 [WARN] PackLoader:240 - Cannot read IP mode file for wolfSSL.I-CUBE-wolfTPM.3.8.0
2025-09-15 13:24:09,038 [WARN] PackLoader:240 - Cannot read IP mode file for STMicroelectronics.X-CUBE-TCPP.4.2.0
2025-09-15 13:24:09,055 [WARN] PackLoader:240 - Cannot read IP mode file for RealThread.X-CUBE-RT-Thread_Nano.4.1.1
2025-09-15 13:24:09,070 [WARN] PackLoader:240 - Cannot read IP mode file for STMicroelectronics.FP-ATR-SIGFOX1.3.2.0
2025-09-15 13:24:09,085 [WARN] PackLoader:240 - Cannot read IP mode file for ITTIA_DB.I-CUBE-ITTIADB.8.9.0
2025-09-15 13:24:09,104 [WARN] PackLoader:240 - Cannot read IP mode file for STMicroelectronics.X-CUBE-ST67W61.1.0.0
2025-09-15 13:24:09,118 [WARN] PackLoader:240 - Cannot read IP mode file for STMicroelectronics.X-CUBE-AI.10.2.0
2025-09-15 13:24:09,118 [INFO] WebApp:169 - Instantiating new browser for Auth
2025-09-15 13:24:09,157 [WARN] PackLoader:240 - Cannot read IP mode file for SEGGER.I-CUBE-embOS.1.3.1
2025-09-15 13:24:09,207 [WARN] PackLoader:240 - Cannot read IP mode file for STMicroelectronics.X-CUBE-ALGOBUILD.1.4.0
2025-09-15 13:24:09,278 [WARN] PackLoader:240 - Cannot read IP mode file for STMicroelectronics.X-CUBE-MEMS1.11.3.0
2025-09-15 13:24:09,403 [WARN] PackLoader:240 - Cannot read IP mode file for STMicroelectronics.X-CUBE-PM33A1.1.0.0
2025-09-15 13:24:09,432 [WARN] PackLoader:240 - Cannot read IP mode file for STMicroelectronics.X-CUBE-AZRTOS-F4.1.1.0
2025-09-15 13:24:09,448 [WARN] PackLoader:240 - Cannot read IP mode file for Avnet-IotConnect.X-CUBE-IoTC-DA16k-PMOD.1.0.0
2025-09-15 13:24:09,462 [WARN] PackLoader:240 - Cannot read IP mode file for STMicroelectronics.X-CUBE-ISPU.2.1.0
2025-09-15 13:24:09,477 [WARN] PackLoader:240 - Cannot read IP mode file for STMicroelectronics.X-CUBE-NFC12.1.0.0
2025-09-15 13:24:09,506 [WARN] PackLoader:240 - Cannot read IP mode file for STMicroelectronics.X-CUBE-AZRTOS-L5.2.0.0
2025-09-15 13:24:09,543 [WARN] PackLoader:240 - Cannot read IP mode file for STMicroelectronics.X-CUBE-NFC6.3.1.0
2025-09-15 13:24:09,565 [WARN] PackLoader:240 - Cannot read IP mode file for STMicroelectronics.X-CUBE-FREERTOS.1.3.1
2025-09-15 13:24:09,610 [WARN] PackLoader:240 - Cannot read IP mode file for STMicroelectronics.FP-SNS-STAIOTCFT.1.0.0
2025-09-15 13:24:09,637 [WARN] PackLoader:240 - Cannot read IP mode file for STMicroelectronics.X-CUBE-DPower.1.3.0
2025-09-15 13:24:09,672 [WARN] ConditionMgr:438 - getConditionDescription Invalid condition id : LAN8742 Phy interface Condition cause : null
2025-09-15 13:24:09,673 [WARN] PackLoader:240 - Cannot read IP mode file for STMicroelectronics.X-CUBE-AZRTOS-L4.2.0.0
2025-09-15 13:24:09,675 [WARN] ConditionMgr:1044 - genDependencies : Invalid condition id : LAN8742 Phy interface Condition cause : null
2025-09-15 13:24:09,675 [WARN] ConditionMgr:1044 - genDependencies : Invalid condition id : LAN8742 Phy interface Condition cause : null
2025-09-15 13:24:09,675 [WARN] ConditionMgr:1044 - genDependencies : Invalid condition id : LAN8742 Phy interface Condition cause : null
2025-09-15 13:24:09,695 [WARN] PackLoader:240 - Cannot read IP mode file for STMicroelectronics.X-CUBE-SFXS2LP1.4.0.0
2025-09-15 13:24:09,718 [WARN] PackLoader:240 - Cannot read IP mode file for STMicroelectronics.X-CUBE-BLEMGR.4.1.0
2025-09-15 13:24:09,747 [WARN] ConditionMgr:438 - getConditionDescription Invalid condition id : UX DEVICE CLASS RTOS Condition cause : null
2025-09-15 13:24:09,747 [WARN] ConditionMgr:438 - getConditionDescription Invalid condition id : UX DEVICE CLASS RTOS Condition cause : null
2025-09-15 13:24:09,749 [WARN] PackLoader:240 - Cannot read IP mode file for STMicroelectronics.X-CUBE-AZRTOS-WB.2.0.0
2025-09-15 13:24:09,750 [WARN] ConditionMgr:1044 - genDependencies : Invalid condition id : UX DEVICE CLASS RTOS Condition cause : null
2025-09-15 13:24:09,750 [WARN] ConditionMgr:1044 - genDependencies : Invalid condition id : UX DEVICE CLASS RTOS Condition cause : null
2025-09-15 13:24:09,750 [WARN] ConditionMgr:1044 - genDependencies : Invalid condition id : UX DEVICE CLASS RTOS Condition cause : null
2025-09-15 13:24:09,750 [WARN] ConditionMgr:1044 - genDependencies : Invalid condition id : UX DEVICE CLASS RTOS Condition cause : null
2025-09-15 13:24:09,750 [WARN] ConditionMgr:1044 - genDependencies : Invalid condition id : UX DEVICE CLASS RTOS Condition cause : null
2025-09-15 13:24:09,767 [WARN] PackLoader:240 - Cannot read IP mode file for STMicroelectronics.X-CUBE-GNSS1.7.0.1
2025-09-15 13:24:09,788 [WARN] PackLoader:240 - Cannot read IP mode file for STMicroelectronics.X-CUBE-TOUCHGFX.4.25.0
2025-09-15 13:24:09,804 [WARN] ConditionMgr:438 - getConditionDescription Invalid condition id : Cortex-A Device cause : null
2025-09-15 13:24:09,831 [WARN] ConditionMgr:1044 - genDependencies : Invalid condition id : Cortex-A Device cause : null
2025-09-15 13:24:09,831 [WARN] ConditionMgr:1044 - genDependencies : Invalid condition id : Cortex-A Device cause : null
2025-09-15 13:24:09,831 [WARN] ConditionMgr:1044 - genDependencies : Invalid condition id : Cortex-A Device cause : null
2025-09-15 13:24:09,850 [WARN] PackLoader:240 - Cannot read IP mode file for STMicroelectronics.X-CUBE-SUBG2.5.0.0
2025-09-15 13:24:09,884 [WARN] PackLoader:240 - Cannot read IP mode file for STMicroelectronics.X-CUBE-AZRTOS-H7RS.1.1.0
2025-09-15 13:24:09,902 [WARN] PackLoader:240 - Cannot read IP mode file for Cesanta.I-CUBE-Mongoose.7.13.0
2025-09-15 13:24:09,927 [WARN] PackLoader:240 - Cannot read IP mode file for STMicroelectronics.X-CUBE-AZRTOS-G4.2.0.0
2025-09-15 13:24:09,945 [WARN] PackLoader:240 - Cannot read IP mode file for wolfSSL.I-CUBE-wolfSSH.1.4.20
2025-09-15 13:24:09,960 [WARN] PackLoader:240 - Cannot read IP mode file for STMicroelectronics.X-CUBE-NFC7.2.0.0
2025-09-15 13:24:09,981 [WARN] PackLoader:240 - Cannot read IP mode file for STMicroelectronics.X-CUBE-IPS.3.1.0
2025-09-15 13:24:10,001 [WARN] PackLoader:240 - Cannot read IP mode file for STMicroelectronics.X-CUBE-ALS.1.0.2
2025-09-15 13:24:10,018 [WARN] PackLoader:240 - Cannot read IP mode file for STMicroelectronics.X-CUBE-STSE01.1.0.0
2025-09-15 13:24:10,037 [WARN] PackLoader:240 - Cannot read IP mode file for STMicroelectronics.X-CUBE-TOF1.3.4.3
2025-09-15 13:24:10,046 [INFO] ThirdParty:978 - Integrity check success = true
2025-09-15 13:24:10,046 [INFO] IntegrityCheckThread:100 - exiting critical section [integrity check]
2025-09-15 13:24:10,046 [INFO] IntegrityCheckThread:103 - End integrity checks thread
2025-09-15 13:24:10,437 [INFO] WebApp:463 - Apply proxy settings
2025-09-15 13:24:10,437 [INFO] WebApp:548 - Chromium requires no authentication
2025-09-15 13:24:10,445 [INFO] WebApp:491 - Direct internet connection detected
2025-09-15 13:24:10,464 [INFO] WebApp:900 - Register for checkConnection events
2025-09-15 13:24:10,464 [INFO] WebApp:463 - Apply proxy settings
2025-09-15 13:24:10,464 [INFO] WebApp:548 - Chromium requires no authentication
2025-09-15 13:24:10,464 [INFO] WebApp:491 - Direct internet connection detected
2025-09-15 13:24:10,615 [INFO] WebApp:225 - Starting web application
2025-09-15 13:24:10,615 [INFO] WebApp:593 - Web application path used M:\embedded\IDE\STM32CubeIDE_1.19.0\STM32CubeIDE\plugins\com.st.stm32cube.common.mx_6.15.0.202507011659\db\plugins\mcufinder\reactClient1\index.html
2025-09-15 13:24:10,639 [INFO] WebApp:191 - Connection restablished
